<?xml version="1.0"?>
<!DOCTYPE coverage SYSTEM "http://cobertura.sourceforge.net/xml/coverage-04.dtd">

<coverage line-rate="0.9968454258675079" branch-rate="0.9741176470588235" lines-covered="948" lines-valid="951" branches-covered="414" branches-valid="425" complexity="1.9313725490196079" version="1.9.4.1" timestamp="1370113640576">
	<sources>
		<source>--source</source>
		<source>/Users/pholser/java/jopt-simple/target/checkout/src/main/java</source>
	</sources>
	<packages>
		<package name="joptsimple" line-rate="0.9969834087481146" branch-rate="0.976271186440678" complexity="1.8201754385964912">
			<classes>
				<class name="joptsimple.AbstractOptionSpec" filename="joptsimple/AbstractOptionSpec.java" line-rate="1.0" branch-rate="1.0" complexity="1.8235294117647058">
					<methods>
						<method name="&lt;init&gt;" signature="(Ljava/lang/String;)V" line-rate="1.0" branch-rate="1.0">
							<lines>
								<line number="49" hits="271" branch="false"/>
								<line number="50" hits="271" branch="false"/>
							</lines>
						</method>
						<method name="&lt;init&gt;" signature="(Ljava/util/Collection;Ljava/lang/String;)V" line-rate="1.0" branch-rate="1.0">
							<lines>
								<line number="44" hits="1746" branch="false"/>
								<line number="52" hits="1746" branch="false"/>
								<line number="53" hits="1746" branch="false"/>
								<line number="55" hits="1746" branch="false"/>
								<line number="56" hits="1746" branch="false"/>
							</lines>
						</method>
						<method name="argumentTypeIndicatorFrom" signature="(Ljoptsimple/ValueConverter;)Ljava/lang/String;" line-rate="1.0" branch-rate="1.0">
							<lines>
								<line number="102" hits="121" branch="true" condition-coverage="100% (2/2)">
									<conditions>
										<condition number="0" type="jump" coverage="100%"/>
									</conditions>
								</line>
								<line number="103" hits="74" branch="false"/>
								<line number="105" hits="47" branch="false"/>
								<line number="106" hits="47" branch="true" condition-coverage="100% (2/2)">
									<conditions>
										<condition number="0" type="jump" coverage="100%"/>
									</conditions>
								</line>
							</lines>
						</method>
						<method name="arrangeOptions" signature="(Ljava/util/Collection;)V" line-rate="1.0" branch-rate="1.0">
							<lines>
								<line number="113" hits="1746" branch="true" condition-coverage="100% (2/2)">
									<conditions>
										<condition number="0" type="jump" coverage="100%"/>
									</conditions>
								</line>
								<line number="114" hits="1598" branch="false"/>
								<line number="115" hits="1598" branch="false"/>
								<line number="118" hits="148" branch="false"/>
								<line number="119" hits="148" branch="false"/>
								<line number="121" hits="148" branch="true" condition-coverage="100% (2/2)">
									<conditions>
										<condition number="0" type="jump" coverage="100%"/>
									</conditions>
								</line>
								<line number="122" hits="325" branch="true" condition-coverage="100% (2/2)">
									<conditions>
										<condition number="0" type="jump" coverage="100%"/>
									</conditions>
								</line>
								<line number="123" hits="110" branch="false"/>
								<line number="125" hits="215" branch="false"/>
								<line number="128" hits="148" branch="false"/>
								<line number="129" hits="148" branch="false"/>
								<line number="131" hits="148" branch="false"/>
								<line number="132" hits="148" branch="false"/>
								<line number="133" hits="148" branch="false"/>
							</lines>
						</method>
						<method name="convertWith" signature="(Ljoptsimple/ValueConverter;Ljava/lang/String;)Ljava/lang/Object;" line-rate="1.0" branch-rate="1.0">
							<lines>
								<line number="91" hits="583" branch="false"/>
								<line number="93" hits="5" branch="false"/>
								<line number="94" hits="5" branch="false"/>
								<line number="96" hits="1" branch="false"/>
								<line number="97" hits="1" branch="false"/>
							</lines>
						</method>
						<method name="description" signature="()Ljava/lang/String;" line-rate="1.0" branch-rate="1.0">
							<lines>
								<line number="71" hits="487" branch="false"/>
							</lines>
						</method>
						<method name="equals" signature="(Ljava/lang/Object;)Z" line-rate="1.0" branch-rate="1.0">
							<lines>
								<line number="137" hits="2051" branch="true" condition-coverage="100% (2/2)">
									<conditions>
										<condition number="0" type="jump" coverage="100%"/>
									</conditions>
								</line>
								<line number="138" hits="504" branch="false"/>
								<line number="140" hits="1547" branch="false"/>
								<line number="141" hits="1547" branch="false"/>
							</lines>
						</method>
						<method name="forHelp" signature="()Ljoptsimple/AbstractOptionSpec;" line-rate="1.0" branch-rate="1.0">
							<lines>
								<line number="75" hits="24" branch="false"/>
								<line number="76" hits="24" branch="false"/>
							</lines>
						</method>
						<method name="hashCode" signature="()I" line-rate="1.0" branch-rate="1.0">
							<lines>
								<line number="146" hits="1352" branch="false"/>
							</lines>
						</method>
						<method name="isForHelp" signature="()Z" line-rate="1.0" branch-rate="1.0">
							<lines>
								<line number="80" hits="808" branch="false"/>
							</lines>
						</method>
						<method name="options" signature="()Ljava/util/Collection;" line-rate="1.0" branch-rate="1.0">
							<lines>
								<line number="59" hits="4071" branch="false"/>
							</lines>
						</method>
						<method name="representsNonOptions" signature="()Z" line-rate="1.0" branch-rate="1.0">
							<lines>
								<line number="84" hits="115" branch="false"/>
							</lines>
						</method>
						<method name="toString" signature="()Ljava/lang/String;" line-rate="1.0" branch-rate="1.0">
							<lines>
								<line number="151" hits="1" branch="false"/>
							</lines>
						</method>
						<method name="value" signature="(Ljoptsimple/OptionSet;)Ljava/lang/Object;" line-rate="1.0" branch-rate="1.0">
							<lines>
								<line number="67" hits="24" branch="false"/>
							</lines>
						</method>
						<method name="values" signature="(Ljoptsimple/OptionSet;)Ljava/util/List;" line-rate="1.0" branch-rate="1.0">
							<lines>
								<line number="63" hits="83" branch="false"/>
							</lines>
						</method>
					</methods>
					<lines>
						<line number="44" hits="1746" branch="false"/>
						<line number="49" hits="271" branch="false"/>
						<line number="50" hits="271" branch="false"/>
						<line number="52" hits="1746" branch="false"/>
						<line number="53" hits="1746" branch="false"/>
						<line number="55" hits="1746" branch="false"/>
						<line number="56" hits="1746" branch="false"/>
						<line number="59" hits="4071" branch="false"/>
						<line number="63" hits="83" branch="false"/>
						<line number="67" hits="24" branch="false"/>
						<line number="71" hits="487" branch="false"/>
						<line number="75" hits="24" branch="false"/>
						<line number="76" hits="24" branch="false"/>
						<line number="80" hits="808" branch="false"/>
						<line number="84" hits="115" branch="false"/>
						<line number="91" hits="583" branch="false"/>
						<line number="93" hits="5" branch="false"/>
						<line number="94" hits="5" branch="false"/>
						<line number="96" hits="1" branch="false"/>
						<line number="97" hits="1" branch="false"/>
						<line number="102" hits="121" branch="true" condition-coverage="100% (2/2)">
							<conditions>
								<condition number="0" type="jump" coverage="100%"/>
							</conditions>
						</line>
						<line number="103" hits="74" branch="false"/>
						<line number="105" hits="47" branch="false"/>
						<line number="106" hits="47" branch="true" condition-coverage="100% (2/2)">
							<conditions>
								<condition number="0" type="jump" coverage="100%"/>
							</conditions>
						</line>
						<line number="113" hits="1746" branch="true" condition-coverage="100% (2/2)">
							<conditions>
								<condition number="0" type="jump" coverage="100%"/>
							</conditions>
						</line>
						<line number="114" hits="1598" branch="false"/>
						<line number="115" hits="1598" branch="false"/>
						<line number="118" hits="148" branch="false"/>
						<line number="119" hits="148" branch="false"/>
						<line number="121" hits="148" branch="true" condition-coverage="100% (2/2)">
							<conditions>
								<condition number="0" type="jump" coverage="100%"/>
							</conditions>
						</line>
						<line number="122" hits="325" branch="true" condition-coverage="100% (2/2)">
							<conditions>
								<condition number="0" type="jump" coverage="100%"/>
							</conditions>
						</line>
						<line number="123" hits="110" branch="false"/>
						<line number="125" hits="215" branch="false"/>
						<line number="128" hits="148" branch="false"/>
						<line number="129" hits="148" branch="false"/>
						<line number="131" hits="148" branch="false"/>
						<line number="132" hits="148" branch="false"/>
						<line number="133" hits="148" branch="false"/>
						<line number="137" hits="2051" branch="true" condition-coverage="100% (2/2)">
							<conditions>
								<condition number="0" type="jump" coverage="100%"/>
							</conditions>
						</line>
						<line number="138" hits="504" branch="false"/>
						<line number="140" hits="1547" branch="false"/>
						<line number="141" hits="1547" branch="false"/>
						<line number="146" hits="1352" branch="false"/>
						<line number="151" hits="1" branch="false"/>
					</lines>
				</class>
				<class name="joptsimple.AlternativeLongOptionSpec" filename="joptsimple/AlternativeLongOptionSpec.java" line-rate="1.0" branch-rate="1.0" complexity="2.0">
					<methods>
						<method name="&lt;init&gt;" signature="()V" line-rate="1.0" branch-rate="1.0">
							<lines>
								<line number="39" hits="35" branch="false"/>
								<line number="41" hits="35" branch="false"/>
								<line number="42" hits="35" branch="false"/>
							</lines>
						</method>
						<method name="detectOptionArgument" signature="(Ljoptsimple/OptionParser;Ljoptsimple/ArgumentList;Ljoptsimple/OptionSet;)V" line-rate="1.0" branch-rate="1.0">
							<lines>
								<line number="46" hits="11" branch="true" condition-coverage="100% (2/2)">
									<conditions>
										<condition number="0" type="jump" coverage="100%"/>
									</conditions>
								</line>
								<line number="47" hits="1" branch="false"/>
								<line number="49" hits="10" branch="false"/>
								<line number="50" hits="10" branch="false"/>
							</lines>
						</method>
					</methods>
					<lines>
						<line number="39" hits="35" branch="false"/>
						<line number="41" hits="35" branch="false"/>
						<line number="42" hits="35" branch="false"/>
						<line number="46" hits="11" branch="true" condition-coverage="100% (2/2)">
							<conditions>
								<condition number="0" type="jump" coverage="100%"/>
							</conditions>
						</line>
						<line number="47" hits="1" branch="false"/>
						<line number="49" hits="10" branch="false"/>
						<line number="50" hits="10" branch="false"/>
					</lines>
				</class>
				<class name="joptsimple.ArgumentAcceptingOptionSpec" filename="joptsimple/ArgumentAcceptingOptionSpec.java" line-rate="1.0" branch-rate="0.9230769230769231" complexity="1.68">
					<methods>
						<method name="&lt;init&gt;" signature="(Ljava/lang/String;Z)V" line-rate="1.0" branch-rate="1.0">
							<lines>
								<line number="69" hits="271" branch="false"/>
								<line number="71" hits="271" branch="false"/>
								<line number="72" hits="271" branch="false"/>
							</lines>
						</method>
						<method name="&lt;init&gt;" signature="(Ljava/util/Collection;ZLjava/lang/String;)V" line-rate="1.0" branch-rate="1.0">
							<lines>
								<line number="64" hits="619" branch="false"/>
								<line number="65" hits="619" branch="false"/>
								<line number="66" hits="619" branch="false"/>
								<line number="75" hits="348" branch="false"/>
								<line number="77" hits="348" branch="false"/>
								<line number="78" hits="348" branch="false"/>
							</lines>
						</method>
						<method name="acceptsArguments" signature="()Z" line-rate="1.0" branch-rate="1.0">
							<lines>
								<line number="297" hits="115" branch="false"/>
							</lines>
						</method>
						<method name="addArguments" signature="(Ljoptsimple/OptionSet;Ljava/lang/String;)V" line-rate="1.0" branch-rate="1.0">
							<lines>
								<line number="262" hits="208" branch="false"/>
								<line number="263" hits="208" branch="true" condition-coverage="100% (2/2)">
									<conditions>
										<condition number="0" type="jump" coverage="100%"/>
									</conditions>
								</line>
								<line number="264" hits="1" branch="false"/>
								<line number="266" hits="446" branch="true" condition-coverage="100% (2/2)">
									<conditions>
										<condition number="0" type="jump" coverage="100%"/>
									</conditions>
								</line>
								<line number="267" hits="239" branch="false"/>
								<line number="269" hits="208" branch="false"/>
							</lines>
						</method>
						<method name="addDefaultValue" signature="(Ljava/lang/Object;)V" line-rate="1.0" branch-rate="1.0">
							<lines>
								<line number="247" hits="64" branch="false"/>
								<line number="248" hits="63" branch="false"/>
								<line number="249" hits="63" branch="false"/>
							</lines>
						</method>
						<method name="argumentDescription" signature="()Ljava/lang/String;" line-rate="1.0" branch-rate="1.0">
							<lines>
								<line number="305" hits="55" branch="false"/>
							</lines>
						</method>
						<method name="argumentTypeIndicator" signature="()Ljava/lang/String;" line-rate="1.0" branch-rate="1.0">
							<lines>
								<line number="309" hits="55" branch="false"/>
							</lines>
						</method>
						<method name="canConvertArgument" signature="(Ljava/lang/String;)Z" line-rate="1.0" branch-rate="1.0">
							<lines>
								<line number="280" hits="8" branch="false"/>
								<line number="283" hits="13" branch="true" condition-coverage="100% (2/2)">
									<conditions>
										<condition number="0" type="jump" coverage="100%"/>
									</conditions>
								</line>
								<line number="284" hits="8" branch="false"/>
								<line number="285" hits="5" branch="false"/>
								<line number="287" hits="3" branch="false"/>
								<line number="288" hits="3" branch="false"/>
							</lines>
						</method>
						<method name="convert" signature="(Ljava/lang/String;)Ljava/lang/Object;" line-rate="1.0" branch-rate="1.0">
							<lines>
								<line number="276" hits="437" branch="false"/>
							</lines>
						</method>
						<method name="defaultValues" signature="()Ljava/util/List;" line-rate="1.0" branch-rate="1.0">
							<lines>
								<line number="313" hits="400" branch="false"/>
							</lines>
						</method>
						<method name="defaultsTo" signature="(Ljava/lang/Object;[Ljava/lang/Object;)Ljoptsimple/ArgumentAcceptingOptionSpec;" line-rate="1.0" branch-rate="1.0">
							<lines>
								<line number="210" hits="37" branch="false"/>
								<line number="211" hits="37" branch="false"/>
								<line number="213" hits="35" branch="false"/>
							</lines>
						</method>
						<method name="defaultsTo" signature="([Ljava/lang/Object;)Ljoptsimple/ArgumentAcceptingOptionSpec;" line-rate="1.0" branch-rate="1.0">
							<lines>
								<line number="224" hits="65" branch="true" condition-coverage="100% (2/2)">
									<conditions>
										<condition number="0" type="jump" coverage="100%"/>
									</conditions>
								</line>
								<line number="225" hits="27" branch="false"/>
								<line number="227" hits="36" branch="false"/>
							</lines>
						</method>
						<method name="describedAs" signature="(Ljava/lang/String;)Ljoptsimple/ArgumentAcceptingOptionSpec;" line-rate="1.0" branch-rate="1.0">
							<lines>
								<line number="138" hits="53" branch="false"/>
								<line number="139" hits="53" branch="false"/>
							</lines>
						</method>
						<method name="description" signature="()Ljava/lang/String;" line-rate="1.0" branch-rate="1.0">
							<lines>
								<line number="58" hits="120" branch="false"/>
							</lines>
						</method>
						<method name="equals" signature="(Ljava/lang/Object;)Z" line-rate="1.0" branch-rate="0.75">
							<lines>
								<line number="318" hits="1527" branch="true" condition-coverage="100% (2/2)">
									<conditions>
										<condition number="0" type="jump" coverage="100%"/>
									</conditions>
								</line>
								<line number="319" hits="591" branch="false"/>
								<line number="321" hits="936" branch="false"/>
								<line number="322" hits="936" branch="true" condition-coverage="50% (1/2)">
									<conditions>
										<condition number="0" type="jump" coverage="50%"/>
									</conditions>
								</line>
							</lines>
						</method>
						<method name="handleOption" signature="(Ljoptsimple/OptionParser;Ljoptsimple/ArgumentList;Ljoptsimple/OptionSet;Ljava/lang/String;)V" line-rate="1.0" branch-rate="1.0">
							<lines>
								<line number="255" hits="248" branch="true" condition-coverage="100% (2/2)">
									<conditions>
										<condition number="0" type="jump" coverage="100%"/>
									</conditions>
								</line>
								<line number="256" hits="178" branch="false"/>
								<line number="258" hits="70" branch="false"/>
								<line number="259" hits="242" branch="false"/>
							</lines>
						</method>
						<method name="hashCode" signature="()I" line-rate="1.0" branch-rate="1.0">
							<lines>
								<line number="327" hits="1218" branch="true" condition-coverage="100% (2/2)">
									<conditions>
										<condition number="0" type="jump" coverage="100%"/>
									</conditions>
								</line>
							</lines>
						</method>
						<method name="isArgumentOfNumberType" signature="()Z" line-rate="1.0" branch-rate="0.75">
							<lines>
								<line number="293" hits="15" branch="true" condition-coverage="75% (3/4)">
									<conditions>
										<condition number="0" type="jump" coverage="100%"/>
										<condition number="1" type="jump" coverage="50%"/>
									</conditions>
								</line>
							</lines>
						</method>
						<method name="isRequired" signature="()Z" line-rate="1.0" branch-rate="1.0">
							<lines>
								<line number="243" hits="418" branch="false"/>
							</lines>
						</method>
						<method name="ofType" signature="(Ljava/lang/Class;)Ljoptsimple/ArgumentAcceptingOptionSpec;" line-rate="1.0" branch-rate="1.0">
							<lines>
								<line number="106" hits="133" branch="false"/>
							</lines>
						</method>
						<method name="representsNonOptions" signature="()Z" line-rate="1.0" branch-rate="1.0">
							<lines>
							</lines>
						</method>
						<method name="required" signature="()Ljoptsimple/ArgumentAcceptingOptionSpec;" line-rate="1.0" branch-rate="1.0">
							<lines>
								<line number="238" hits="10" branch="false"/>
								<line number="239" hits="10" branch="false"/>
							</lines>
						</method>
						<method name="requiresArgument" signature="()Z" line-rate="1.0" branch-rate="1.0">
							<lines>
								<line number="301" hits="1920" branch="false"/>
							</lines>
						</method>
						<method name="toString" signature="()Ljava/lang/String;" line-rate="1.0" branch-rate="1.0">
							<lines>
							</lines>
						</method>
						<method name="withValuesConvertedBy" signature="(Ljoptsimple/ValueConverter;)Ljoptsimple/ArgumentAcceptingOptionSpec;" line-rate="1.0" branch-rate="1.0">
							<lines>
								<line number="123" hits="142" branch="true" condition-coverage="100% (2/2)">
									<conditions>
										<condition number="0" type="jump" coverage="100%"/>
									</conditions>
								</line>
								<line number="124" hits="1" branch="false"/>
								<line number="126" hits="141" branch="false"/>
								<line number="127" hits="141" branch="false"/>
							</lines>
						</method>
						<method name="withValuesSeparatedBy" signature="(C)Ljoptsimple/ArgumentAcceptingOptionSpec;" line-rate="1.0" branch-rate="1.0">
							<lines>
								<line number="164" hits="12" branch="true" condition-coverage="100% (2/2)">
									<conditions>
										<condition number="0" type="jump" coverage="100%"/>
									</conditions>
								</line>
								<line number="165" hits="2" branch="false"/>
								<line number="167" hits="10" branch="false"/>
								<line number="168" hits="10" branch="false"/>
							</lines>
						</method>
						<method name="withValuesSeparatedBy" signature="(Ljava/lang/String;)Ljoptsimple/ArgumentAcceptingOptionSpec;" line-rate="1.0" branch-rate="1.0">
							<lines>
								<line number="193" hits="8" branch="true" condition-coverage="100% (2/2)">
									<conditions>
										<condition number="0" type="jump" coverage="100%"/>
									</conditions>
								</line>
								<line number="194" hits="2" branch="false"/>
								<line number="196" hits="6" branch="false"/>
								<line number="197" hits="6" branch="false"/>
							</lines>
						</method>
					</methods>
					<lines>
						<line number="58" hits="120" branch="false"/>
						<line number="64" hits="619" branch="false"/>
						<line number="65" hits="619" branch="false"/>
						<line number="66" hits="619" branch="false"/>
						<line number="69" hits="271" branch="false"/>
						<line number="71" hits="271" branch="false"/>
						<line number="72" hits="271" branch="false"/>
						<line number="75" hits="348" branch="false"/>
						<line number="77" hits="348" branch="false"/>
						<line number="78" hits="348" branch="false"/>
						<line number="106" hits="133" branch="false"/>
						<line number="123" hits="142" branch="true" condition-coverage="100% (2/2)">
							<conditions>
								<condition number="0" type="jump" coverage="100%"/>
							</conditions>
						</line>
						<line number="124" hits="1" branch="false"/>
						<line number="126" hits="141" branch="false"/>
						<line number="127" hits="141" branch="false"/>
						<line number="138" hits="53" branch="false"/>
						<line number="139" hits="53" branch="false"/>
						<line number="164" hits="12" branch="true" condition-coverage="100% (2/2)">
							<conditions>
								<condition number="0" type="jump" coverage="100%"/>
							</conditions>
						</line>
						<line number="165" hits="2" branch="false"/>
						<line number="167" hits="10" branch="false"/>
						<line number="168" hits="10" branch="false"/>
						<line number="193" hits="8" branch="true" condition-coverage="100% (2/2)">
							<conditions>
								<condition number="0" type="jump" coverage="100%"/>
							</conditions>
						</line>
						<line number="194" hits="2" branch="false"/>
						<line number="196" hits="6" branch="false"/>
						<line number="197" hits="6" branch="false"/>
						<line number="210" hits="37" branch="false"/>
						<line number="211" hits="37" branch="false"/>
						<line number="213" hits="35" branch="false"/>
						<line number="224" hits="65" branch="true" condition-coverage="100% (2/2)">
							<conditions>
								<condition number="0" type="jump" coverage="100%"/>
							</conditions>
						</line>
						<line number="225" hits="27" branch="false"/>
						<line number="227" hits="36" branch="false"/>
						<line number="238" hits="10" branch="false"/>
						<line number="239" hits="10" branch="false"/>
						<line number="243" hits="418" branch="false"/>
						<line number="247" hits="64" branch="false"/>
						<line number="248" hits="63" branch="false"/>
						<line number="249" hits="63" branch="false"/>
						<line number="255" hits="248" branch="true" condition-coverage="100% (2/2)">
							<conditions>
								<condition number="0" type="jump" coverage="100%"/>
							</conditions>
						</line>
						<line number="256" hits="178" branch="false"/>
						<line number="258" hits="70" branch="false"/>
						<line number="259" hits="242" branch="false"/>
						<line number="262" hits="208" branch="false"/>
						<line number="263" hits="208" branch="true" condition-coverage="100% (2/2)">
							<conditions>
								<condition number="0" type="jump" coverage="100%"/>
							</conditions>
						</line>
						<line number="264" hits="1" branch="false"/>
						<line number="266" hits="446" branch="true" condition-coverage="100% (2/2)">
							<conditions>
								<condition number="0" type="jump" coverage="100%"/>
							</conditions>
						</line>
						<line number="267" hits="239" branch="false"/>
						<line number="269" hits="208" branch="false"/>
						<line number="276" hits="437" branch="false"/>
						<line number="280" hits="8" branch="false"/>
						<line number="283" hits="13" branch="true" condition-coverage="100% (2/2)">
							<conditions>
								<condition number="0" type="jump" coverage="100%"/>
							</conditions>
						</line>
						<line number="284" hits="8" branch="false"/>
						<line number="285" hits="5" branch="false"/>
						<line number="287" hits="3" branch="false"/>
						<line number="288" hits="3" branch="false"/>
						<line number="293" hits="15" branch="true" condition-coverage="75% (3/4)">
							<conditions>
								<condition number="0" type="jump" coverage="100%"/>
								<condition number="1" type="jump" coverage="50%"/>
							</conditions>
						</line>
						<line number="297" hits="115" branch="false"/>
						<line number="301" hits="1920" branch="false"/>
						<line number="305" hits="55" branch="false"/>
						<line number="309" hits="55" branch="false"/>
						<line number="313" hits="400" branch="false"/>
						<line number="318" hits="1527" branch="true" condition-coverage="100% (2/2)">
							<conditions>
								<condition number="0" type="jump" coverage="100%"/>
							</conditions>
						</line>
						<line number="319" hits="591" branch="false"/>
						<line number="321" hits="936" branch="false"/>
						<line number="322" hits="936" branch="true" condition-coverage="50% (1/2)">
							<conditions>
								<condition number="0" type="jump" coverage="50%"/>
							</conditions>
						</line>
						<line number="327" hits="1218" branch="true" condition-coverage="100% (2/2)">
							<conditions>
								<condition number="0" type="jump" coverage="100%"/>
							</conditions>
						</line>
					</lines>
				</class>
				<class name="joptsimple.ArgumentList" filename="joptsimple/ArgumentList.java" line-rate="1.0" branch-rate="1.0" complexity="1.2">
					<methods>
						<method name="&lt;init&gt;" signature="([Ljava/lang/String;)V" line-rate="1.0" branch-rate="1.0">
							<lines>
								<line number="39" hits="255" branch="false"/>
								<line number="40" hits="255" branch="false"/>
								<line number="41" hits="254" branch="false"/>
							</lines>
						</method>
						<method name="hasMore" signature="()Z" line-rate="1.0" branch-rate="1.0">
							<lines>
								<line number="44" hits="911" branch="true" condition-coverage="100% (2/2)">
									<conditions>
										<condition number="0" type="jump" coverage="100%"/>
									</conditions>
								</line>
							</lines>
						</method>
						<method name="next" signature="()Ljava/lang/String;" line-rate="1.0" branch-rate="1.0">
							<lines>
								<line number="48" hits="640" branch="false"/>
							</lines>
						</method>
						<method name="peek" signature="()Ljava/lang/String;" line-rate="1.0" branch-rate="1.0">
							<lines>
								<line number="52" hits="59" branch="false"/>
							</lines>
						</method>
						<method name="treatNextAsLongOption" signature="()V" line-rate="1.0" branch-rate="1.0">
							<lines>
								<line number="56" hits="14" branch="true" condition-coverage="100% (2/2)">
									<conditions>
										<condition number="0" type="jump" coverage="100%"/>
									</conditions>
								</line>
								<line number="57" hits="12" branch="false"/>
								<line number="58" hits="13" branch="false"/>
							</lines>
						</method>
					</methods>
					<lines>
						<line number="39" hits="255" branch="false"/>
						<line number="40" hits="255" branch="false"/>
						<line number="41" hits="254" branch="false"/>
						<line number="44" hits="911" branch="true" condition-coverage="100% (2/2)">
							<conditions>
								<condition number="0" type="jump" coverage="100%"/>
							</conditions>
						</line>
						<line number="48" hits="640" branch="false"/>
						<line number="52" hits="59" branch="false"/>
						<line number="56" hits="14" branch="true" condition-coverage="100% (2/2)">
							<conditions>
								<condition number="0" type="jump" coverage="100%"/>
							</conditions>
						</line>
						<line number="57" hits="12" branch="false"/>
						<line number="58" hits="13" branch="false"/>
					</lines>
				</class>
				<class name="joptsimple.BuiltinHelpFormatter" filename="joptsimple/BuiltinHelpFormatter.java" line-rate="0.9897959183673469" branch-rate="0.9655172413793104" complexity="2.5">
					<methods>
						<method name="&lt;init&gt;" signature="()V" line-rate="1.0" branch-rate="1.0">
							<lines>
								<line number="60" hits="352" branch="false"/>
								<line number="61" hits="352" branch="false"/>
							</lines>
						</method>
						<method name="&lt;init&gt;" signature="(II)V" line-rate="1.0" branch-rate="1.0">
							<lines>
								<line number="70" hits="379" branch="false"/>
								<line number="71" hits="379" branch="false"/>
								<line number="72" hits="379" branch="false"/>
								<line number="73" hits="379" branch="false"/>
							</lines>
						</method>
						<method name="addHeaders" signature="(Ljava/util/Collection;)V" line-rate="1.0" branch-rate="1.0">
							<lines>
								<line number="154" hits="53" branch="true" condition-coverage="100% (2/2)">
									<conditions>
										<condition number="0" type="jump" coverage="100%"/>
									</conditions>
								</line>
								<line number="155" hits="2" branch="false"/>
								<line number="156" hits="2" branch="false"/>
								<line number="158" hits="51" branch="false"/>
								<line number="159" hits="51" branch="false"/>
								<line number="161" hits="53" branch="false"/>
							</lines>
						</method>
						<method name="addNonOptionsDescription" signature="(Ljava/util/Collection;)V" line-rate="1.0" branch-rate="1.0">
							<lines>
								<line number="115" hits="63" branch="false"/>
								<line number="116" hits="63" branch="true" condition-coverage="100% (2/2)">
									<conditions>
										<condition number="0" type="jump" coverage="100%"/>
									</conditions>
								</line>
								<line number="117" hits="6" branch="false"/>
								<line number="118" hits="6" branch="false"/>
								<line number="120" hits="63" branch="false"/>
							</lines>
						</method>
						<method name="addOptions" signature="(Ljava/util/Collection;)V" line-rate="1.0" branch-rate="0.75">
							<lines>
								<line number="173" hits="53" branch="true" condition-coverage="100% (2/2)">
									<conditions>
										<condition number="0" type="jump" coverage="100%"/>
									</conditions>
								</line>
								<line number="174" hits="99" branch="true" condition-coverage="50% (1/2)">
									<conditions>
										<condition number="0" type="jump" coverage="50%"/>
									</conditions>
								</line>
								<line number="175" hits="99" branch="false"/>
								<line number="177" hits="53" branch="false"/>
							</lines>
						</method>
						<method name="addRows" signature="(Ljava/util/Collection;)V" line-rate="1.0" branch-rate="1.0">
							<lines>
								<line number="102" hits="63" branch="false"/>
								<line number="104" hits="63" branch="true" condition-coverage="100% (2/2)">
									<conditions>
										<condition number="0" type="jump" coverage="100%"/>
									</conditions>
								</line>
								<line number="105" hits="10" branch="false"/>
								<line number="107" hits="53" branch="false"/>
								<line number="108" hits="53" branch="false"/>
								<line number="111" hits="63" branch="false"/>
								<line number="112" hits="63" branch="false"/>
							</lines>
						</method>
						<method name="appendOptionHelp" signature="(Ljava/lang/StringBuilder;Ljava/lang/String;Ljava/lang/String;Z)V" line-rate="1.0" branch-rate="1.0">
							<lines>
								<line number="213" hits="36" branch="true" condition-coverage="100% (2/2)">
									<conditions>
										<condition number="0" type="jump" coverage="100%"/>
									</conditions>
								</line>
								<line number="214" hits="15" branch="false"/>
								<line number="216" hits="21" branch="false"/>
								<line number="217" hits="36" branch="false"/>
							</lines>
						</method>
						<method name="appendTypeIndicator" signature="(Ljava/lang/StringBuilder;Ljava/lang/String;Ljava/lang/String;CC)V" line-rate="1.0" branch-rate="1.0">
							<lines>
								<line number="221" hits="36" branch="false"/>
								<line number="222" hits="36" branch="true" condition-coverage="100% (2/2)">
									<conditions>
										<condition number="0" type="jump" coverage="100%"/>
									</conditions>
								</line>
								<line number="223" hits="29" branch="false"/>
								<line number="225" hits="36" branch="true" condition-coverage="100% (2/2)">
									<conditions>
										<condition number="0" type="jump" coverage="100%"/>
									</conditions>
								</line>
								<line number="226" hits="23" branch="true" condition-coverage="100% (2/2)">
									<conditions>
										<condition number="0" type="jump" coverage="100%"/>
									</conditions>
								</line>
								<line number="227" hits="16" branch="false"/>
								<line number="229" hits="23" branch="false"/>
								<line number="232" hits="36" branch="false"/>
								<line number="233" hits="36" branch="false"/>
							</lines>
						</method>
						<method name="createDefaultValuesDisplay" signature="(Ljava/util/List;)Ljava/lang/String;" line-rate="1.0" branch-rate="1.0">
							<lines>
								<line number="245" hits="8" branch="true" condition-coverage="100% (2/2)">
									<conditions>
										<condition number="0" type="jump" coverage="100%"/>
									</conditions>
								</line>
							</lines>
						</method>
						<method name="createDescriptionDisplay" signature="(Ljoptsimple/OptionDescriptor;)Ljava/lang/String;" line-rate="1.0" branch-rate="1.0">
							<lines>
								<line number="236" hits="99" branch="false"/>
								<line number="237" hits="99" branch="true" condition-coverage="100% (2/2)">
									<conditions>
										<condition number="0" type="jump" coverage="100%"/>
									</conditions>
								</line>
								<line number="238" hits="91" branch="false"/>
								<line number="240" hits="8" branch="false"/>
								<line number="241" hits="8" branch="false"/>
							</lines>
						</method>
						<method name="createNonOptionArgumentsDisplay" signature="(Ljoptsimple/OptionDescriptor;)Ljava/lang/String;" line-rate="1.0" branch-rate="1.0">
							<lines>
								<line number="129" hits="6" branch="false"/>
								<line number="130" hits="6" branch="false"/>
								<line number="131" hits="6" branch="false"/>
								<line number="133" hits="6" branch="false"/>
							</lines>
						</method>
						<method name="createOptionDisplay" signature="(Ljoptsimple/OptionDescriptor;)Ljava/lang/String;" line-rate="1.0" branch-rate="1.0">
							<lines>
								<line number="180" hits="99" branch="true" condition-coverage="100% (2/2)">
									<conditions>
										<condition number="0" type="jump" coverage="100%"/>
									</conditions>
								</line>
								<line number="182" hits="99" branch="true" condition-coverage="100% (2/2)">
									<conditions>
										<condition number="0" type="jump" coverage="100%"/>
									</conditions>
								</line>
								<line number="183" hits="157" branch="false"/>
								<line number="184" hits="157" branch="true" condition-coverage="100% (2/2)">
									<conditions>
										<condition number="0" type="jump" coverage="100%"/>
									</conditions>
								</line>
								<line number="185" hits="157" branch="false"/>
								<line number="187" hits="157" branch="true" condition-coverage="100% (2/2)">
									<conditions>
										<condition number="0" type="jump" coverage="100%"/>
									</conditions>
								</line>
								<line number="188" hits="58" branch="false"/>
								<line number="189" hits="157" branch="false"/>
								<line number="191" hits="99" branch="false"/>
								<line number="193" hits="99" branch="false"/>
							</lines>
						</method>
						<method name="extractTypeIndicator" signature="(Ljoptsimple/OptionDescriptor;)Ljava/lang/String;" line-rate="1.0" branch-rate="1.0">
							<lines>
								<line number="204" hits="105" branch="false"/>
								<line number="206" hits="105" branch="true" condition-coverage="100% (4/4)">
									<conditions>
										<condition number="0" type="jump" coverage="100%"/>
										<condition number="1" type="jump" coverage="100%"/>
									</conditions>
								</line>
								<line number="207" hits="29" branch="false"/>
								<line number="209" hits="76" branch="false"/>
							</lines>
						</method>
						<method name="findAndRemoveNonOptionsSpec" signature="(Ljava/util/Collection;)Ljoptsimple/OptionDescriptor;" line-rate="0.8571428571428571" branch-rate="0.75">
							<lines>
								<line number="142" hits="63" branch="true" condition-coverage="50% (1/2)">
									<conditions>
										<condition number="0" type="jump" coverage="50%"/>
									</conditions>
								</line>
								<line number="143" hits="79" branch="false"/>
								<line number="144" hits="79" branch="true" condition-coverage="100% (2/2)">
									<conditions>
										<condition number="0" type="jump" coverage="100%"/>
									</conditions>
								</line>
								<line number="145" hits="63" branch="false"/>
								<line number="146" hits="63" branch="false"/>
								<line number="148" hits="16" branch="false"/>
								<line number="150" hits="0" branch="false"/>
							</lines>
						</method>
						<method name="fitRowsToWidth" signature="()V" line-rate="1.0" branch-rate="1.0">
							<lines>
								<line number="249" hits="63" branch="false"/>
								<line number="250" hits="63" branch="false"/>
								<line number="251" hits="63" branch="false"/>
							</lines>
						</method>
						<method name="format" signature="(Ljava/util/Map;)Ljava/lang/String;" line-rate="1.0" branch-rate="1.0">
							<lines>
								<line number="76" hits="63" branch="false"/>
								<line number="83" hits="63" branch="false"/>
								<line number="84" hits="63" branch="false"/>
								<line number="86" hits="63" branch="false"/>
								<line number="88" hits="63" branch="false"/>
							</lines>
						</method>
						<method name="formattedHelpOutput" signature="()Ljava/lang/String;" line-rate="1.0" branch-rate="1.0">
							<lines>
								<line number="92" hits="63" branch="false"/>
								<line number="93" hits="63" branch="false"/>
								<line number="94" hits="63" branch="true" condition-coverage="100% (2/2)">
									<conditions>
										<condition number="0" type="jump" coverage="100%"/>
									</conditions>
								</line>
								<line number="95" hits="6" branch="false"/>
								<line number="96" hits="63" branch="false"/>
								<line number="98" hits="63" branch="false"/>
							</lines>
						</method>
						<method name="hasRequiredOption" signature="(Ljava/util/Collection;)Z" line-rate="1.0" branch-rate="1.0">
							<lines>
								<line number="164" hits="53" branch="true" condition-coverage="100% (2/2)">
									<conditions>
										<condition number="0" type="jump" coverage="100%"/>
									</conditions>
								</line>
								<line number="165" hits="99" branch="true" condition-coverage="100% (2/2)">
									<conditions>
										<condition number="0" type="jump" coverage="100%"/>
									</conditions>
								</line>
								<line number="166" hits="2" branch="false"/>
								<line number="169" hits="51" branch="false"/>
							</lines>
						</method>
						<method name="maybeAppendNonOptionsDescription" signature="(Ljava/lang/StringBuilder;Ljoptsimple/OptionDescriptor;)V" line-rate="1.0" branch-rate="1.0">
							<lines>
								<line number="137" hits="6" branch="true" condition-coverage="100% (4/4)">
									<conditions>
										<condition number="0" type="jump" coverage="100%"/>
										<condition number="1" type="jump" coverage="100%"/>
									</conditions>
								</line>
								<line number="139" hits="6" branch="false"/>
							</lines>
						</method>
						<method name="maybeAppendOptionInfo" signature="(Ljava/lang/StringBuilder;Ljoptsimple/OptionDescriptor;)V" line-rate="1.0" branch-rate="1.0">
							<lines>
								<line number="197" hits="105" branch="false"/>
								<line number="198" hits="105" branch="false"/>
								<line number="199" hits="105" branch="true" condition-coverage="100% (4/4)">
									<conditions>
										<condition number="0" type="jump" coverage="100%"/>
										<condition number="1" type="jump" coverage="100%"/>
									</conditions>
								</line>
								<line number="200" hits="36" branch="false"/>
								<line number="201" hits="105" branch="false"/>
							</lines>
						</method>
						<method name="shouldShowNonOptionArgumentDisplay" signature="(Ljoptsimple/OptionDescriptor;)Z" line-rate="1.0" branch-rate="1.0">
							<lines>
								<line number="123" hits="63" branch="true" condition-coverage="100% (6/6)">
									<conditions>
										<condition number="0" type="jump" coverage="100%"/>
										<condition number="1" type="jump" coverage="100%"/>
										<condition number="2" type="jump" coverage="100%"/>
									</conditions>
								</line>
							</lines>
						</method>
					</methods>
					<lines>
						<line number="60" hits="352" branch="false"/>
						<line number="61" hits="352" branch="false"/>
						<line number="70" hits="379" branch="false"/>
						<line number="71" hits="379" branch="false"/>
						<line number="72" hits="379" branch="false"/>
						<line number="73" hits="379" branch="false"/>
						<line number="76" hits="63" branch="false"/>
						<line number="83" hits="63" branch="false"/>
						<line number="84" hits="63" branch="false"/>
						<line number="86" hits="63" branch="false"/>
						<line number="88" hits="63" branch="false"/>
						<line number="92" hits="63" branch="false"/>
						<line number="93" hits="63" branch="false"/>
						<line number="94" hits="63" branch="true" condition-coverage="100% (2/2)">
							<conditions>
								<condition number="0" type="jump" coverage="100%"/>
							</conditions>
						</line>
						<line number="95" hits="6" branch="false"/>
						<line number="96" hits="63" branch="false"/>
						<line number="98" hits="63" branch="false"/>
						<line number="102" hits="63" branch="false"/>
						<line number="104" hits="63" branch="true" condition-coverage="100% (2/2)">
							<conditions>
								<condition number="0" type="jump" coverage="100%"/>
							</conditions>
						</line>
						<line number="105" hits="10" branch="false"/>
						<line number="107" hits="53" branch="false"/>
						<line number="108" hits="53" branch="false"/>
						<line number="111" hits="63" branch="false"/>
						<line number="112" hits="63" branch="false"/>
						<line number="115" hits="63" branch="false"/>
						<line number="116" hits="63" branch="true" condition-coverage="100% (2/2)">
							<conditions>
								<condition number="0" type="jump" coverage="100%"/>
							</conditions>
						</line>
						<line number="117" hits="6" branch="false"/>
						<line number="118" hits="6" branch="false"/>
						<line number="120" hits="63" branch="false"/>
						<line number="123" hits="63" branch="true" condition-coverage="100% (6/6)">
							<conditions>
								<condition number="0" type="jump" coverage="100%"/>
								<condition number="1" type="jump" coverage="100%"/>
								<condition number="2" type="jump" coverage="100%"/>
							</conditions>
						</line>
						<line number="129" hits="6" branch="false"/>
						<line number="130" hits="6" branch="false"/>
						<line number="131" hits="6" branch="false"/>
						<line number="133" hits="6" branch="false"/>
						<line number="137" hits="6" branch="true" condition-coverage="100% (4/4)">
							<conditions>
								<condition number="0" type="jump" coverage="100%"/>
								<condition number="1" type="jump" coverage="100%"/>
							</conditions>
						</line>
						<line number="139" hits="6" branch="false"/>
						<line number="142" hits="63" branch="true" condition-coverage="50% (1/2)">
							<conditions>
								<condition number="0" type="jump" coverage="50%"/>
							</conditions>
						</line>
						<line number="143" hits="79" branch="false"/>
						<line number="144" hits="79" branch="true" condition-coverage="100% (2/2)">
							<conditions>
								<condition number="0" type="jump" coverage="100%"/>
							</conditions>
						</line>
						<line number="145" hits="63" branch="false"/>
						<line number="146" hits="63" branch="false"/>
						<line number="148" hits="16" branch="false"/>
						<line number="150" hits="0" branch="false"/>
						<line number="154" hits="53" branch="true" condition-coverage="100% (2/2)">
							<conditions>
								<condition number="0" type="jump" coverage="100%"/>
							</conditions>
						</line>
						<line number="155" hits="2" branch="false"/>
						<line number="156" hits="2" branch="false"/>
						<line number="158" hits="51" branch="false"/>
						<line number="159" hits="51" branch="false"/>
						<line number="161" hits="53" branch="false"/>
						<line number="164" hits="53" branch="true" condition-coverage="100% (2/2)">
							<conditions>
								<condition number="0" type="jump" coverage="100%"/>
							</conditions>
						</line>
						<line number="165" hits="99" branch="true" condition-coverage="100% (2/2)">
							<conditions>
								<condition number="0" type="jump" coverage="100%"/>
							</conditions>
						</line>
						<line number="166" hits="2" branch="false"/>
						<line number="169" hits="51" branch="false"/>
						<line number="173" hits="53" branch="true" condition-coverage="100% (2/2)">
							<conditions>
								<condition number="0" type="jump" coverage="100%"/>
							</conditions>
						</line>
						<line number="174" hits="99" branch="true" condition-coverage="50% (1/2)">
							<conditions>
								<condition number="0" type="jump" coverage="50%"/>
							</conditions>
						</line>
						<line number="175" hits="99" branch="false"/>
						<line number="177" hits="53" branch="false"/>
						<line number="180" hits="99" branch="true" condition-coverage="100% (2/2)">
							<conditions>
								<condition number="0" type="jump" coverage="100%"/>
							</conditions>
						</line>
						<line number="182" hits="99" branch="true" condition-coverage="100% (2/2)">
							<conditions>
								<condition number="0" type="jump" coverage="100%"/>
							</conditions>
						</line>
						<line number="183" hits="157" branch="false"/>
						<line number="184" hits="157" branch="true" condition-coverage="100% (2/2)">
							<conditions>
								<condition number="0" type="jump" coverage="100%"/>
							</conditions>
						</line>
						<line number="185" hits="157" branch="false"/>
						<line number="187" hits="157" branch="true" condition-coverage="100% (2/2)">
							<conditions>
								<condition number="0" type="jump" coverage="100%"/>
							</conditions>
						</line>
						<line number="188" hits="58" branch="false"/>
						<line number="189" hits="157" branch="false"/>
						<line number="191" hits="99" branch="false"/>
						<line number="193" hits="99" branch="false"/>
						<line number="197" hits="105" branch="false"/>
						<line number="198" hits="105" branch="false"/>
						<line number="199" hits="105" branch="true" condition-coverage="100% (4/4)">
							<conditions>
								<condition number="0" type="jump" coverage="100%"/>
								<condition number="1" type="jump" coverage="100%"/>
							</conditions>
						</line>
						<line number="200" hits="36" branch="false"/>
						<line number="201" hits="105" branch="false"/>
						<line number="204" hits="105" branch="false"/>
						<line number="206" hits="105" branch="true" condition-coverage="100% (4/4)">
							<conditions>
								<condition number="0" type="jump" coverage="100%"/>
								<condition number="1" type="jump" coverage="100%"/>
							</conditions>
						</line>
						<line number="207" hits="29" branch="false"/>
						<line number="209" hits="76" branch="false"/>
						<line number="213" hits="36" branch="true" condition-coverage="100% (2/2)">
							<conditions>
								<condition number="0" type="jump" coverage="100%"/>
							</conditions>
						</line>
						<line number="214" hits="15" branch="false"/>
						<line number="216" hits="21" branch="false"/>
						<line number="217" hits="36" branch="false"/>
						<line number="221" hits="36" branch="false"/>
						<line number="222" hits="36" branch="true" condition-coverage="100% (2/2)">
							<conditions>
								<condition number="0" type="jump" coverage="100%"/>
							</conditions>
						</line>
						<line number="223" hits="29" branch="false"/>
						<line number="225" hits="36" branch="true" condition-coverage="100% (2/2)">
							<conditions>
								<condition number="0" type="jump" coverage="100%"/>
							</conditions>
						</line>
						<line number="226" hits="23" branch="true" condition-coverage="100% (2/2)">
							<conditions>
								<condition number="0" type="jump" coverage="100%"/>
							</conditions>
						</line>
						<line number="227" hits="16" branch="false"/>
						<line number="229" hits="23" branch="false"/>
						<line number="232" hits="36" branch="false"/>
						<line number="233" hits="36" branch="false"/>
						<line number="236" hits="99" branch="false"/>
						<line number="237" hits="99" branch="true" condition-coverage="100% (2/2)">
							<conditions>
								<condition number="0" type="jump" coverage="100%"/>
							</conditions>
						</line>
						<line number="238" hits="91" branch="false"/>
						<line number="240" hits="8" branch="false"/>
						<line number="241" hits="8" branch="false"/>
						<line number="245" hits="8" branch="true" condition-coverage="100% (2/2)">
							<conditions>
								<condition number="0" type="jump" coverage="100%"/>
							</conditions>
						</line>
						<line number="249" hits="63" branch="false"/>
						<line number="250" hits="63" branch="false"/>
						<line number="251" hits="63" branch="false"/>
					</lines>
				</class>
				<class name="joptsimple.BuiltinHelpFormatter$1" filename="joptsimple/BuiltinHelpFormatter.java" line-rate="1.0" branch-rate="1.0" complexity="2.5">
					<methods>
						<method name="&lt;init&gt;" signature="(Ljoptsimple/BuiltinHelpFormatter;)V" line-rate="1.0" branch-rate="1.0">
							<lines>
							</lines>
						</method>
						<method name="compare" signature="(Ljava/lang/Object;Ljava/lang/Object;)I" line-rate="1.0" branch-rate="1.0">
							<lines>
								<line number="77" hits="564" branch="false"/>
							</lines>
						</method>
						<method name="compare" signature="(Ljoptsimple/OptionDescriptor;Ljoptsimple/OptionDescriptor;)I" line-rate="1.0" branch-rate="1.0">
							<lines>
								<line number="79" hits="501" branch="false"/>
							</lines>
						</method>
					</methods>
					<lines>
						<line number="77" hits="564" branch="false"/>
						<line number="79" hits="501" branch="false"/>
					</lines>
				</class>
				<class name="joptsimple.HelpFormatter" filename="joptsimple/HelpFormatter.java" line-rate="1.0" branch-rate="1.0" complexity="1.0">
					<methods>
					</methods>
					<lines>
					</lines>
				</class>
				<class name="joptsimple.IllegalOptionSpecificationException" filename="joptsimple/IllegalOptionSpecificationException.java" line-rate="1.0" branch-rate="1.0" complexity="1.0">
					<methods>
						<method name="&lt;init&gt;" signature="(Ljava/lang/String;)V" line-rate="1.0" branch-rate="1.0">
							<lines>
								<line number="39" hits="6" branch="false"/>
								<line number="40" hits="6" branch="false"/>
							</lines>
						</method>
						<method name="getMessage" signature="()Ljava/lang/String;" line-rate="1.0" branch-rate="1.0">
							<lines>
								<line number="44" hits="3" branch="false"/>
							</lines>
						</method>
					</methods>
					<lines>
						<line number="39" hits="6" branch="false"/>
						<line number="40" hits="6" branch="false"/>
						<line number="44" hits="3" branch="false"/>
					</lines>
				</class>
				<class name="joptsimple.MissingRequiredOptionException" filename="joptsimple/MissingRequiredOptionException.java" line-rate="1.0" branch-rate="1.0" complexity="1.0">
					<methods>
						<method name="&lt;init&gt;" signature="(Ljava/util/Collection;)V" line-rate="1.0" branch-rate="1.0">
							<lines>
								<line number="39" hits="9" branch="false"/>
								<line number="40" hits="9" branch="false"/>
							</lines>
						</method>
						<method name="getMessage" signature="()Ljava/lang/String;" line-rate="1.0" branch-rate="1.0">
							<lines>
								<line number="44" hits="3" branch="false"/>
							</lines>
						</method>
					</methods>
					<lines>
						<line number="39" hits="9" branch="false"/>
						<line number="40" hits="9" branch="false"/>
						<line number="44" hits="3" branch="false"/>
					</lines>
				</class>
				<class name="joptsimple.MultipleArgumentsForOptionException" filename="joptsimple/MultipleArgumentsForOptionException.java" line-rate="1.0" branch-rate="1.0" complexity="1.0">
					<methods>
						<method name="&lt;init&gt;" signature="(Ljava/util/Collection;)V" line-rate="1.0" branch-rate="1.0">
							<lines>
								<line number="39" hits="3" branch="false"/>
								<line number="40" hits="3" branch="false"/>
							</lines>
						</method>
						<method name="getMessage" signature="()Ljava/lang/String;" line-rate="1.0" branch-rate="1.0">
							<lines>
								<line number="44" hits="3" branch="false"/>
							</lines>
						</method>
					</methods>
					<lines>
						<line number="39" hits="3" branch="false"/>
						<line number="40" hits="3" branch="false"/>
						<line number="44" hits="3" branch="false"/>
					</lines>
				</class>
				<class name="joptsimple.NoArgumentOptionSpec" filename="joptsimple/NoArgumentOptionSpec.java" line-rate="1.0" branch-rate="1.0" complexity="1.0">
					<methods>
						<method name="&lt;init&gt;" signature="(Ljava/lang/String;)V" line-rate="1.0" branch-rate="1.0">
							<lines>
								<line number="40" hits="130" branch="false"/>
								<line number="41" hits="130" branch="false"/>
							</lines>
						</method>
						<method name="&lt;init&gt;" signature="(Ljava/util/Collection;Ljava/lang/String;)V" line-rate="1.0" branch-rate="1.0">
							<lines>
								<line number="44" hits="749" branch="false"/>
								<line number="45" hits="749" branch="false"/>
							</lines>
						</method>
						<method name="acceptsArguments" signature="()Z" line-rate="1.0" branch-rate="1.0">
							<lines>
								<line number="55" hits="65" branch="false"/>
							</lines>
						</method>
						<method name="argumentDescription" signature="()Ljava/lang/String;" line-rate="1.0" branch-rate="1.0">
							<lines>
								<line number="67" hits="45" branch="false"/>
							</lines>
						</method>
						<method name="argumentTypeIndicator" signature="()Ljava/lang/String;" line-rate="1.0" branch-rate="1.0">
							<lines>
								<line number="71" hits="45" branch="false"/>
							</lines>
						</method>
						<method name="convert" signature="(Ljava/lang/String;)Ljava/lang/Object;" line-rate="1.0" branch-rate="1.0">
							<lines>
								<line number="38" hits="48" branch="false"/>
							</lines>
						</method>
						<method name="convert" signature="(Ljava/lang/String;)Ljava/lang/Void;" line-rate="1.0" branch-rate="1.0">
							<lines>
								<line number="76" hits="48" branch="false"/>
							</lines>
						</method>
						<method name="defaultValues" signature="()Ljava/util/List;" line-rate="1.0" branch-rate="1.0">
							<lines>
								<line number="80" hits="319" branch="false"/>
							</lines>
						</method>
						<method name="handleOption" signature="(Ljoptsimple/OptionParser;Ljoptsimple/ArgumentList;Ljoptsimple/OptionSet;Ljava/lang/String;)V" line-rate="1.0" branch-rate="1.0">
							<lines>
								<line number="51" hits="121" branch="false"/>
								<line number="52" hits="121" branch="false"/>
							</lines>
						</method>
						<method name="isRequired" signature="()Z" line-rate="1.0" branch-rate="1.0">
							<lines>
								<line number="63" hits="343" branch="false"/>
							</lines>
						</method>
						<method name="requiresArgument" signature="()Z" line-rate="1.0" branch-rate="1.0">
							<lines>
								<line number="59" hits="12" branch="false"/>
							</lines>
						</method>
					</methods>
					<lines>
						<line number="38" hits="48" branch="false"/>
						<line number="40" hits="130" branch="false"/>
						<line number="41" hits="130" branch="false"/>
						<line number="44" hits="749" branch="false"/>
						<line number="45" hits="749" branch="false"/>
						<line number="51" hits="121" branch="false"/>
						<line number="52" hits="121" branch="false"/>
						<line number="55" hits="65" branch="false"/>
						<line number="59" hits="12" branch="false"/>
						<line number="63" hits="343" branch="false"/>
						<line number="67" hits="45" branch="false"/>
						<line number="71" hits="45" branch="false"/>
						<line number="76" hits="48" branch="false"/>
						<line number="80" hits="319" branch="false"/>
					</lines>
				</class>
				<class name="joptsimple.NonOptionArgumentSpec" filename="joptsimple/NonOptionArgumentSpec.java" line-rate="1.0" branch-rate="1.0" complexity="1.1428571428571428">
					<methods>
						<method name="&lt;init&gt;" signature="()V" line-rate="1.0" branch-rate="1.0">
							<lines>
								<line number="60" hits="361" branch="false"/>
								<line number="61" hits="361" branch="false"/>
							</lines>
						</method>
						<method name="&lt;init&gt;" signature="(Ljava/lang/String;)V" line-rate="1.0" branch-rate="1.0">
							<lines>
								<line number="57" hits="378" branch="false"/>
								<line number="64" hits="378" branch="false"/>
								<line number="65" hits="378" branch="false"/>
							</lines>
						</method>
						<method name="acceptsArguments" signature="()Z" line-rate="1.0" branch-rate="1.0">
							<lines>
								<line number="152" hits="1" branch="false"/>
							</lines>
						</method>
						<method name="argumentDescription" signature="()Ljava/lang/String;" line-rate="1.0" branch-rate="1.0">
							<lines>
								<line number="160" hits="64" branch="false"/>
							</lines>
						</method>
						<method name="argumentTypeIndicator" signature="()Ljava/lang/String;" line-rate="1.0" branch-rate="1.0">
							<lines>
								<line number="164" hits="66" branch="false"/>
							</lines>
						</method>
						<method name="convert" signature="(Ljava/lang/String;)Ljava/lang/Object;" line-rate="1.0" branch-rate="1.0">
							<lines>
								<line number="133" hits="146" branch="false"/>
							</lines>
						</method>
						<method name="defaultValues" signature="()Ljava/util/List;" line-rate="1.0" branch-rate="1.0">
							<lines>
								<line number="144" hits="249" branch="false"/>
							</lines>
						</method>
						<method name="describedAs" signature="(Ljava/lang/String;)Ljoptsimple/NonOptionArgumentSpec;" line-rate="1.0" branch-rate="1.0">
							<lines>
								<line number="127" hits="5" branch="false"/>
								<line number="128" hits="5" branch="false"/>
							</lines>
						</method>
						<method name="description" signature="()Ljava/lang/String;" line-rate="1.0" branch-rate="1.0">
							<lines>
								<line number="53" hits="84" branch="false"/>
							</lines>
						</method>
						<method name="equals" signature="(Ljava/lang/Object;)Z" line-rate="1.0" branch-rate="1.0">
							<lines>
							</lines>
						</method>
						<method name="handleOption" signature="(Ljoptsimple/OptionParser;Ljoptsimple/ArgumentList;Ljoptsimple/OptionSet;Ljava/lang/String;)V" line-rate="1.0" branch-rate="1.0">
							<lines>
								<line number="140" hits="129" branch="false"/>
								<line number="141" hits="129" branch="false"/>
							</lines>
						</method>
						<method name="hashCode" signature="()I" line-rate="1.0" branch-rate="1.0">
							<lines>
							</lines>
						</method>
						<method name="isRequired" signature="()Z" line-rate="1.0" branch-rate="1.0">
							<lines>
								<line number="148" hits="230" branch="false"/>
							</lines>
						</method>
						<method name="ofType" signature="(Ljava/lang/Class;)Ljoptsimple/NonOptionArgumentSpec;" line-rate="1.0" branch-rate="1.0">
							<lines>
								<line number="94" hits="7" branch="false"/>
								<line number="95" hits="7" branch="false"/>
							</lines>
						</method>
						<method name="representsNonOptions" signature="()Z" line-rate="1.0" branch-rate="1.0">
							<lines>
								<line number="168" hits="63" branch="false"/>
							</lines>
						</method>
						<method name="requiresArgument" signature="()Z" line-rate="1.0" branch-rate="1.0">
							<lines>
								<line number="156" hits="5" branch="false"/>
							</lines>
						</method>
						<method name="toString" signature="()Ljava/lang/String;" line-rate="1.0" branch-rate="1.0">
							<lines>
							</lines>
						</method>
						<method name="withValuesConvertedBy" signature="(Ljoptsimple/ValueConverter;)Ljoptsimple/NonOptionArgumentSpec;" line-rate="1.0" branch-rate="1.0">
							<lines>
								<line number="112" hits="2" branch="true" condition-coverage="100% (2/2)">
									<conditions>
										<condition number="0" type="jump" coverage="100%"/>
									</conditions>
								</line>
								<line number="113" hits="1" branch="false"/>
								<line number="115" hits="1" branch="false"/>
								<line number="116" hits="1" branch="false"/>
							</lines>
						</method>
					</methods>
					<lines>
						<line number="53" hits="84" branch="false"/>
						<line number="57" hits="378" branch="false"/>
						<line number="60" hits="361" branch="false"/>
						<line number="61" hits="361" branch="false"/>
						<line number="64" hits="378" branch="false"/>
						<line number="65" hits="378" branch="false"/>
						<line number="94" hits="7" branch="false"/>
						<line number="95" hits="7" branch="false"/>
						<line number="112" hits="2" branch="true" condition-coverage="100% (2/2)">
							<conditions>
								<condition number="0" type="jump" coverage="100%"/>
							</conditions>
						</line>
						<line number="113" hits="1" branch="false"/>
						<line number="115" hits="1" branch="false"/>
						<line number="116" hits="1" branch="false"/>
						<line number="127" hits="5" branch="false"/>
						<line number="128" hits="5" branch="false"/>
						<line number="133" hits="146" branch="false"/>
						<line number="140" hits="129" branch="false"/>
						<line number="141" hits="129" branch="false"/>
						<line number="144" hits="249" branch="false"/>
						<line number="148" hits="230" branch="false"/>
						<line number="152" hits="1" branch="false"/>
						<line number="156" hits="5" branch="false"/>
						<line number="160" hits="64" branch="false"/>
						<line number="164" hits="66" branch="false"/>
						<line number="168" hits="63" branch="false"/>
					</lines>
				</class>
				<class name="joptsimple.OptionArgumentConversionException" filename="joptsimple/OptionArgumentConversionException.java" line-rate="1.0" branch-rate="1.0" complexity="1.0">
					<methods>
						<method name="&lt;init&gt;" signature="(Ljava/util/Collection;Ljava/lang/String;Ljava/lang/Class;Ljava/lang/Throwable;)V" line-rate="1.0" branch-rate="1.0">
							<lines>
								<line number="44" hits="7" branch="false"/>
								<line number="46" hits="7" branch="false"/>
								<line number="47" hits="7" branch="false"/>
								<line number="48" hits="7" branch="false"/>
							</lines>
						</method>
						<method name="getMessage" signature="()Ljava/lang/String;" line-rate="1.0" branch-rate="1.0">
							<lines>
								<line number="52" hits="3" branch="false"/>
							</lines>
						</method>
					</methods>
					<lines>
						<line number="44" hits="7" branch="false"/>
						<line number="46" hits="7" branch="false"/>
						<line number="47" hits="7" branch="false"/>
						<line number="48" hits="7" branch="false"/>
						<line number="52" hits="3" branch="false"/>
					</lines>
				</class>
				<class name="joptsimple.OptionDescriptor" filename="joptsimple/OptionDescriptor.java" line-rate="1.0" branch-rate="1.0" complexity="1.0">
					<methods>
					</methods>
					<lines>
					</lines>
				</class>
				<class name="joptsimple.OptionException" filename="joptsimple/OptionException.java" line-rate="1.0" branch-rate="1.0" complexity="1.2857142857142858">
					<methods>
						<method name="&lt;init&gt;" signature="(Ljava/util/Collection;)V" line-rate="1.0" branch-rate="1.0">
							<lines>
								<line number="47" hits="53" branch="false"/>
								<line number="48" hits="53" branch="false"/>
								<line number="49" hits="53" branch="false"/>
							</lines>
						</method>
						<method name="&lt;init&gt;" signature="(Ljava/util/Collection;Ljava/lang/Throwable;)V" line-rate="1.0" branch-rate="1.0">
							<lines>
								<line number="45" hits="60" branch="false"/>
								<line number="52" hits="7" branch="false"/>
								<line number="54" hits="7" branch="false"/>
								<line number="55" hits="7" branch="false"/>
							</lines>
						</method>
						<method name="multipleOptionMessage" signature="()Ljava/lang/String;" line-rate="1.0" branch-rate="1.0">
							<lines>
								<line number="75" hits="15" branch="false"/>
								<line number="77" hits="15" branch="true" condition-coverage="100% (2/2)">
									<conditions>
										<condition number="0" type="jump" coverage="100%"/>
									</conditions>
								</line>
								<line number="78" hits="30" branch="false"/>
								<line number="79" hits="30" branch="true" condition-coverage="100% (2/2)">
									<conditions>
										<condition number="0" type="jump" coverage="100%"/>
									</conditions>
								</line>
								<line number="80" hits="15" branch="false"/>
								<line number="83" hits="15" branch="false"/>
								<line number="85" hits="15" branch="false"/>
							</lines>
						</method>
						<method name="options" signature="()Ljava/util/Collection;" line-rate="1.0" branch-rate="1.0">
							<lines>
								<line number="63" hits="25" branch="false"/>
							</lines>
						</method>
						<method name="singleOptionMessage" signature="()Ljava/lang/String;" line-rate="1.0" branch-rate="1.0">
							<lines>
								<line number="67" hits="7" branch="false"/>
							</lines>
						</method>
						<method name="singleOptionMessage" signature="(Ljava/lang/String;)Ljava/lang/String;" line-rate="1.0" branch-rate="1.0">
							<lines>
								<line number="71" hits="37" branch="false"/>
							</lines>
						</method>
						<method name="unrecognizedOption" signature="(Ljava/lang/String;)Ljoptsimple/OptionException;" line-rate="1.0" branch-rate="1.0">
							<lines>
								<line number="89" hits="15" branch="false"/>
							</lines>
						</method>
					</methods>
					<lines>
						<line number="45" hits="60" branch="false"/>
						<line number="47" hits="53" branch="false"/>
						<line number="48" hits="53" branch="false"/>
						<line number="49" hits="53" branch="false"/>
						<line number="52" hits="7" branch="false"/>
						<line number="54" hits="7" branch="false"/>
						<line number="55" hits="7" branch="false"/>
						<line number="63" hits="25" branch="false"/>
						<line number="67" hits="7" branch="false"/>
						<line number="71" hits="37" branch="false"/>
						<line number="75" hits="15" branch="false"/>
						<line number="77" hits="15" branch="true" condition-coverage="100% (2/2)">
							<conditions>
								<condition number="0" type="jump" coverage="100%"/>
							</conditions>
						</line>
						<line number="78" hits="30" branch="false"/>
						<line number="79" hits="30" branch="true" condition-coverage="100% (2/2)">
							<conditions>
								<condition number="0" type="jump" coverage="100%"/>
							</conditions>
						</line>
						<line number="80" hits="15" branch="false"/>
						<line number="83" hits="15" branch="false"/>
						<line number="85" hits="15" branch="false"/>
						<line number="89" hits="15" branch="false"/>
					</lines>
				</class>
				<class name="joptsimple.OptionMissingRequiredArgumentException" filename="joptsimple/OptionMissingRequiredArgumentException.java" line-rate="1.0" branch-rate="1.0" complexity="1.0">
					<methods>
						<method name="&lt;init&gt;" signature="(Ljava/util/Collection;)V" line-rate="1.0" branch-rate="1.0">
							<lines>
								<line number="39" hits="7" branch="false"/>
								<line number="40" hits="7" branch="false"/>
							</lines>
						</method>
						<method name="getMessage" signature="()Ljava/lang/String;" line-rate="1.0" branch-rate="1.0">
							<lines>
								<line number="44" hits="3" branch="false"/>
							</lines>
						</method>
					</methods>
					<lines>
						<line number="39" hits="7" branch="false"/>
						<line number="40" hits="7" branch="false"/>
						<line number="44" hits="3" branch="false"/>
					</lines>
				</class>
				<class name="joptsimple.OptionParser" filename="joptsimple/OptionParser.java" line-rate="0.9927536231884058" branch-rate="0.9838709677419355" complexity="1.9487179487179487">
					<methods>
						<method name="&lt;init&gt;" signature="()V" line-rate="1.0" branch-rate="1.0">
							<lines>
								<line number="200" hits="352" branch="false"/>
								<line number="206" hits="352" branch="false"/>
								<line number="207" hits="352" branch="false"/>
								<line number="208" hits="352" branch="false"/>
								<line number="209" hits="352" branch="false"/>
								<line number="211" hits="352" branch="false"/>
								<line number="212" hits="352" branch="false"/>
							</lines>
						</method>
						<method name="&lt;init&gt;" signature="(Ljava/lang/String;)V" line-rate="1.0" branch-rate="1.0">
							<lines>
								<line number="225" hits="24" branch="false"/>
								<line number="227" hits="24" branch="false"/>
								<line number="228" hits="22" branch="false"/>
							</lines>
						</method>
						<method name="accepts" signature="(Ljava/lang/String;)Ljoptsimple/OptionSpecBuilder;" line-rate="1.0" branch-rate="1.0">
							<lines>
								<line number="250" hits="475" branch="false"/>
							</lines>
						</method>
						<method name="accepts" signature="(Ljava/lang/String;Ljava/lang/String;)Ljoptsimple/OptionSpecBuilder;" line-rate="1.0" branch-rate="1.0">
							<lines>
								<line number="265" hits="28" branch="false"/>
							</lines>
						</method>
						<method name="acceptsAll" signature="(Ljava/util/Collection;)Ljoptsimple/OptionSpecBuilder;" line-rate="1.0" branch-rate="1.0">
							<lines>
								<line number="278" hits="517" branch="false"/>
							</lines>
						</method>
						<method name="acceptsAll" signature="(Ljava/util/Collection;Ljava/lang/String;)Ljoptsimple/OptionSpecBuilder;" line-rate="1.0" branch-rate="1.0">
							<lines>
								<line number="294" hits="609" branch="true" condition-coverage="100% (2/2)">
									<conditions>
										<condition number="0" type="jump" coverage="100%"/>
									</conditions>
								</line>
								<line number="295" hits="1" branch="false"/>
								<line number="297" hits="606" branch="false"/>
								<line number="299" hits="598" branch="false"/>
							</lines>
						</method>
						<method name="allowsUnrecognizedOptions" signature="()V" line-rate="1.0" branch-rate="1.0">
							<lines>
								<line number="354" hits="2" branch="false"/>
								<line number="355" hits="2" branch="false"/>
							</lines>
						</method>
						<method name="defaultValues" signature="()Ljava/util/Map;" line-rate="1.0" branch-rate="1.0">
							<lines>
								<line number="602" hits="249" branch="false"/>
								<line number="603" hits="249" branch="true" condition-coverage="100% (2/2)">
									<conditions>
										<condition number="0" type="jump" coverage="100%"/>
									</conditions>
								</line>
								<line number="604" hits="856" branch="false"/>
								<line number="605" hits="249" branch="false"/>
							</lines>
						</method>
						<method name="doesAllowsUnrecognizedOptions" signature="()Z" line-rate="1.0" branch-rate="1.0">
							<lines>
								<line number="358" hits="16" branch="false"/>
							</lines>
						</method>
						<method name="ensureRequiredOptions" signature="(Ljoptsimple/OptionSet;)V" line-rate="1.0" branch-rate="1.0">
							<lines>
								<line number="443" hits="230" branch="false"/>
								<line number="444" hits="230" branch="false"/>
								<line number="446" hits="230" branch="true" condition-coverage="100% (4/4)">
									<conditions>
										<condition number="0" type="jump" coverage="100%"/>
										<condition number="1" type="jump" coverage="100%"/>
									</conditions>
								</line>
								<line number="447" hits="8" branch="false"/>
								<line number="448" hits="222" branch="false"/>
							</lines>
						</method>
						<method name="extractShortOptionsFrom" signature="(Ljava/lang/String;)[C" line-rate="1.0" branch-rate="1.0">
							<lines>
								<line number="575" hits="59" branch="false"/>
								<line number="576" hits="59" branch="false"/>
								<line number="578" hits="59" branch="false"/>
							</lines>
						</method>
						<method name="formatHelpWith" signature="(Ljoptsimple/HelpFormatter;)V" line-rate="1.0" branch-rate="1.0">
							<lines>
								<line number="413" hits="31" branch="true" condition-coverage="100% (2/2)">
									<conditions>
										<condition number="0" type="jump" coverage="100%"/>
									</conditions>
								</line>
								<line number="414" hits="1" branch="false"/>
								<line number="416" hits="30" branch="false"/>
								<line number="417" hits="30" branch="false"/>
							</lines>
						</method>
						<method name="handleLongOptionToken" signature="(Ljava/lang/String;Ljoptsimple/ArgumentList;Ljoptsimple/OptionSet;)V" line-rate="1.0" branch-rate="1.0">
							<lines>
								<line number="490" hits="88" branch="false"/>
								<line number="492" hits="88" branch="true" condition-coverage="100% (2/2)">
									<conditions>
										<condition number="0" type="jump" coverage="100%"/>
									</conditions>
								</line>
								<line number="493" hits="8" branch="false"/>
								<line number="495" hits="80" branch="false"/>
								<line number="496" hits="80" branch="false"/>
								<line number="497" hits="78" branch="false"/>
							</lines>
						</method>
						<method name="handleNonOptionArgument" signature="(Ljava/lang/String;Ljoptsimple/ArgumentList;Ljoptsimple/OptionSet;)V" line-rate="1.0" branch-rate="1.0">
							<lines>
								<line number="527" hits="129" branch="false"/>
								<line number="528" hits="129" branch="false"/>
							</lines>
						</method>
						<method name="handleShortOptionCluster" signature="(Ljava/lang/String;Ljoptsimple/ArgumentList;Ljoptsimple/OptionSet;)V" line-rate="1.0" branch-rate="1.0">
							<lines>
								<line number="510" hits="59" branch="false"/>
								<line number="511" hits="59" branch="false"/>
								<line number="513" hits="79" branch="true" condition-coverage="100% (2/2)">
									<conditions>
										<condition number="0" type="jump" coverage="100%"/>
									</conditions>
								</line>
								<line number="514" hits="75" branch="false"/>
								<line number="516" hits="75" branch="true" condition-coverage="100% (4/4)">
									<conditions>
										<condition number="0" type="jump" coverage="100%"/>
										<condition number="1" type="jump" coverage="100%"/>
									</conditions>
								</line>
								<line number="517" hits="47" branch="false"/>
								<line number="518" hits="47" branch="false"/>
								<line number="519" hits="47" branch="false"/>
								<line number="522" hits="28" branch="false"/>
								<line number="524" hits="51" branch="false"/>
							</lines>
						</method>
						<method name="handleShortOptionToken" signature="(Ljava/lang/String;Ljoptsimple/ArgumentList;Ljoptsimple/OptionSet;)V" line-rate="1.0" branch-rate="1.0">
							<lines>
								<line number="500" hits="273" branch="false"/>
								<line number="502" hits="273" branch="true" condition-coverage="100% (2/2)">
									<conditions>
										<condition number="0" type="jump" coverage="100%"/>
									</conditions>
								</line>
								<line number="503" hits="214" branch="false"/>
								<line number="506" hits="59" branch="false"/>
								<line number="507" hits="262" branch="false"/>
							</lines>
						</method>
						<method name="isHelpOptionPresent" signature="(Ljoptsimple/OptionSet;)Z" line-rate="1.0" branch-rate="1.0">
							<lines>
								<line number="479" hits="230" branch="false"/>
								<line number="480" hits="230" branch="true" condition-coverage="100% (2/2)">
									<conditions>
										<condition number="0" type="jump" coverage="100%"/>
									</conditions>
								</line>
								<line number="481" hits="780" branch="true" condition-coverage="100% (4/4)">
									<conditions>
										<condition number="0" type="jump" coverage="100%"/>
										<condition number="1" type="jump" coverage="100%"/>
									</conditions>
								</line>
								<line number="482" hits="4" branch="false"/>
								<line number="483" hits="4" branch="false"/>
								<line number="486" hits="230" branch="false"/>
							</lines>
						</method>
						<method name="isRecognized" signature="(Ljava/lang/String;)Z" line-rate="1.0" branch-rate="1.0">
							<lines>
								<line number="539" hits="462" branch="false"/>
							</lines>
						</method>
						<method name="looksLikeAnOption" signature="(Ljava/lang/String;)Z" line-rate="1.0" branch-rate="1.0">
							<lines>
								<line number="535" hits="52" branch="true" condition-coverage="100% (4/4)">
									<conditions>
										<condition number="0" type="jump" coverage="100%"/>
										<condition number="1" type="jump" coverage="100%"/>
									</conditions>
								</line>
							</lines>
						</method>
						<method name="missingRequiredOptions" signature="(Ljoptsimple/OptionSet;)Ljava/util/Collection;" line-rate="1.0" branch-rate="1.0">
							<lines>
								<line number="451" hits="230" branch="false"/>
								<line number="453" hits="230" branch="true" condition-coverage="100% (2/2)">
									<conditions>
										<condition number="0" type="jump" coverage="100%"/>
									</conditions>
								</line>
								<line number="454" hits="793" branch="true" condition-coverage="100% (4/4)">
									<conditions>
										<condition number="0" type="jump" coverage="100%"/>
										<condition number="1" type="jump" coverage="100%"/>
									</conditions>
								</line>
								<line number="455" hits="7" branch="false"/>
								<line number="458" hits="230" branch="true" condition-coverage="100% (2/2)">
									<conditions>
										<condition number="0" type="jump" coverage="100%"/>
									</conditions>
								</line>
[...]
									<conditions>
										<condition number="0" type="jump" coverage="100%"/>
									</conditions>
								</line>
								<line number="83" hits="277" branch="false"/>
								<line number="84" hits="277" branch="false"/>
								<line number="87" hits="129" branch="false"/>
							</lines>
						</method>
						<method name="reset" signature="()V" line-rate="1.0" branch-rate="1.0">
							<lines>
								<line number="61" hits="129" branch="false"/>
								<line number="62" hits="129" branch="false"/>
								<line number="63" hits="129" branch="false"/>
								<line number="64" hits="129" branch="false"/>
							</lines>
						</method>
					</methods>
					<lines>
						<line number="41" hits="761" branch="false"/>
						<line number="45" hits="761" branch="false"/>
						<line number="46" hits="761" branch="false"/>
						<line number="47" hits="761" branch="false"/>
						<line number="48" hits="761" branch="false"/>
						<line number="51" hits="233" branch="false"/>
						<line number="52" hits="233" branch="false"/>
						<line number="55" hits="510" branch="false"/>
						<line number="56" hits="510" branch="false"/>
						<line number="57" hits="510" branch="false"/>
						<line number="58" hits="510" branch="false"/>
						<line number="61" hits="129" branch="false"/>
						<line number="62" hits="129" branch="false"/>
						<line number="63" hits="129" branch="false"/>
						<line number="64" hits="129" branch="false"/>
						<line number="67" hits="129" branch="false"/>
						<line number="69" hits="129" branch="false"/>
						<line number="70" hits="129" branch="true" condition-coverage="100% (2/2)">
							<conditions>
								<condition number="0" type="jump" coverage="100%"/>
							</conditions>
						</line>
						<line number="71" hits="233" branch="false"/>
						<line number="73" hits="129" branch="false"/>
						<line number="75" hits="129" branch="true" condition-coverage="100% (2/2)">
							<conditions>
								<condition number="0" type="jump" coverage="100%"/>
							</conditions>
						</line>
						<line number="76" hits="277" branch="false"/>
						<line number="77" hits="129" branch="false"/>
						<line number="80" hits="129" branch="false"/>
						<line number="82" hits="129" branch="true" condition-coverage="100% (2/2)">
							<conditions>
								<condition number="0" type="jump" coverage="100%"/>
							</conditions>
						</line>
						<line number="83" hits="277" branch="false"/>
						<line number="84" hits="277" branch="false"/>
						<line number="87" hits="129" branch="false"/>
						<line number="91" hits="406" branch="false"/>
						<line number="95" hits="406" branch="false"/>
						<line number="99" hits="554" branch="false"/>
						<line number="100" hits="554" branch="false"/>
					</lines>
				</class>
				<class name="joptsimple.internal.Strings" filename="joptsimple/internal/Strings.java" line-rate="1.0" branch-rate="1.0" complexity="1.8333333333333333">
					<methods>
						<method name="&lt;clinit&gt;" signature="()V" line-rate="1.0" branch-rate="1.0">
							<lines>
								<line number="40" hits="1" branch="false"/>
							</lines>
						</method>
						<method name="&lt;init&gt;" signature="()V" line-rate="1.0" branch-rate="1.0">
							<lines>
								<line number="42" hits="1" branch="false"/>
								<line number="43" hits="1" branch="false"/>
							</lines>
						</method>
						<method name="isNullOrEmpty" signature="(Ljava/lang/String;)Z" line-rate="1.0" branch-rate="1.0">
							<lines>
								<line number="69" hits="714" branch="true" condition-coverage="100% (4/4)">
									<conditions>
										<condition number="0" type="jump" coverage="100%"/>
										<condition number="1" type="jump" coverage="100%"/>
									</conditions>
								</line>
							</lines>
						</method>
						<method name="join" signature="(Ljava/util/List;Ljava/lang/String;)Ljava/lang/String;" line-rate="1.0" branch-rate="1.0">
							<lines>
								<line number="106" hits="66" branch="false"/>
								<line number="108" hits="66" branch="true" condition-coverage="100% (2/2)">
									<conditions>
										<condition number="0" type="jump" coverage="100%"/>
									</conditions>
								</line>
								<line number="109" hits="348" branch="false"/>
								<line number="111" hits="348" branch="true" condition-coverage="100% (2/2)">
									<conditions>
										<condition number="0" type="jump" coverage="100%"/>
									</conditions>
								</line>
								<line number="112" hits="282" branch="false"/>
								<line number="115" hits="66" branch="false"/>
							</lines>
						</method>
						<method name="join" signature="([Ljava/lang/String;Ljava/lang/String;)Ljava/lang/String;" line-rate="1.0" branch-rate="1.0">
							<lines>
								<line number="94" hits="64" branch="false"/>
							</lines>
						</method>
						<method name="repeat" signature="(CI)Ljava/lang/String;" line-rate="1.0" branch-rate="1.0">
							<lines>
								<line number="54" hits="874" branch="false"/>
								<line number="56" hits="6727" branch="true" condition-coverage="100% (2/2)">
									<conditions>
										<condition number="0" type="jump" coverage="100%"/>
									</conditions>
								</line>
								<line number="57" hits="5853" branch="false"/>
								<line number="59" hits="874" branch="false"/>
							</lines>
						</method>
						<method name="surround" signature="(Ljava/lang/String;CC)Ljava/lang/String;" line-rate="1.0" branch-rate="1.0">
							<lines>
								<line number="82" hits="8" branch="false"/>
							</lines>
						</method>
					</methods>
					<lines>
						<line number="40" hits="1" branch="false"/>
						<line number="42" hits="1" branch="false"/>
						<line number="43" hits="1" branch="false"/>
						<line number="54" hits="874" branch="false"/>
						<line number="56" hits="6727" branch="true" condition-coverage="100% (2/2)">
							<conditions>
								<condition number="0" type="jump" coverage="100%"/>
							</conditions>
						</line>
						<line number="57" hits="5853" branch="false"/>
						<line number="59" hits="874" branch="false"/>
						<line number="69" hits="714" branch="true" condition-coverage="100% (4/4)">
							<conditions>
								<condition number="0" type="jump" coverage="100%"/>
								<condition number="1" type="jump" coverage="100%"/>
							</conditions>
						</line>
						<line number="82" hits="8" branch="false"/>
						<line number="94" hits="64" branch="false"/>
						<line number="106" hits="66" branch="false"/>
						<line number="108" hits="66" branch="true" condition-coverage="100% (2/2)">
							<conditions>
								<condition number="0" type="jump" coverage="100%"/>
							</conditions>
						</line>
						<line number="109" hits="348" branch="false"/>
						<line number="111" hits="348" branch="true" condition-coverage="100% (2/2)">
							<conditions>
								<condition number="0" type="jump" coverage="100%"/>
							</conditions>
						</line>
						<line number="112" hits="282" branch="false"/>
						<line number="115" hits="66" branch="false"/>
					</lines>
				</class>
			</classes>
		</package>
		<package name="joptsimple.util" line-rate="1.0" branch-rate="1.0" complexity="1.894736842105263">
			<classes>
				<class name="joptsimple.util.DateConverter" filename="joptsimple/util/DateConverter.java" line-rate="1.0" branch-rate="1.0" complexity="2.0">
					<methods>
						<method name="&lt;init&gt;" signature="(Ljava/text/DateFormat;)V" line-rate="1.0" branch-rate="1.0">
							<lines>
								<line number="50" hits="16" branch="false"/>
								<line number="51" hits="16" branch="true" condition-coverage="100% (2/2)">
									<conditions>
										<condition number="0" type="jump" coverage="100%"/>
									</conditions>
								</line>
								<line number="52" hits="1" branch="false"/>
								<line number="54" hits="15" branch="false"/>
								<line number="55" hits="15" branch="false"/>
							</lines>
						</method>
						<method name="convert" signature="(Ljava/lang/String;)Ljava/lang/Object;" line-rate="1.0" branch-rate="1.0">
							<lines>
								<line number="41" hits="3" branch="false"/>
							</lines>
						</method>
						<method name="convert" signature="(Ljava/lang/String;)Ljava/util/Date;" line-rate="1.0" branch-rate="1.0">
							<lines>
								<line number="74" hits="8" branch="false"/>
								<line number="76" hits="8" branch="false"/>
								<line number="77" hits="8" branch="true" condition-coverage="100% (2/2)">
									<conditions>
										<condition number="0" type="jump" coverage="100%"/>
									</conditions>
								</line>
								<line number="78" hits="4" branch="false"/>
								<line number="80" hits="4" branch="false"/>
							</lines>
						</method>
						<method name="datePattern" signature="(Ljava/lang/String;)Ljoptsimple/util/DateConverter;" line-rate="1.0" branch-rate="1.0">
							<lines>
								<line number="67" hits="9" branch="false"/>
								<line number="68" hits="8" branch="false"/>
								<line number="70" hits="8" branch="false"/>
							</lines>
						</method>
						<method name="message" signature="(Ljava/lang/String;)Ljava/lang/String;" line-rate="1.0" branch-rate="1.0">
							<lines>
								<line number="94" hits="4" branch="false"/>
								<line number="95" hits="4" branch="true" condition-coverage="100% (2/2)">
									<conditions>
										<condition number="0" type="jump" coverage="100%"/>
									</conditions>
								</line>
								<line number="96" hits="3" branch="false"/>
								<line number="98" hits="4" branch="false"/>
							</lines>
						</method>
						<method name="valuePattern" signature="()Ljava/lang/String;" line-rate="1.0" branch-rate="1.0">
							<lines>
								<line number="88" hits="6" branch="true" condition-coverage="100% (2/2)">
									<conditions>
										<condition number="0" type="jump" coverage="100%"/>
									</conditions>
								</line>
							</lines>
						</method>
						<method name="valueType" signature="()Ljava/lang/Class;" line-rate="1.0" branch-rate="1.0">
							<lines>
								<line number="84" hits="1" branch="false"/>
							</lines>
						</method>
					</methods>
					<lines>
						<line number="41" hits="3" branch="false"/>
						<line number="50" hits="16" branch="false"/>
						<line number="51" hits="16" branch="true" condition-coverage="100% (2/2)">
							<conditions>
								<condition number="0" type="jump" coverage="100%"/>
							</conditions>
						</line>
						<line number="52" hits="1" branch="false"/>
						<line number="54" hits="15" branch="false"/>
						<line number="55" hits="15" branch="false"/>
						<line number="67" hits="9" branch="false"/>
						<line number="68" hits="8" branch="false"/>
						<line number="70" hits="8" branch="false"/>
						<line number="74" hits="8" branch="false"/>
						<line number="76" hits="8" branch="false"/>
						<line number="77" hits="8" branch="true" condition-coverage="100% (2/2)">
							<conditions>
								<condition number="0" type="jump" coverage="100%"/>
							</conditions>
						</line>
						<line number="78" hits="4" branch="false"/>
						<line number="80" hits="4" branch="false"/>
						<line number="84" hits="1" branch="false"/>
						<line number="88" hits="6" branch="true" condition-coverage="100% (2/2)">
							<conditions>
								<condition number="0" type="jump" coverage="100%"/>
							</conditions>
						</line>
						<line number="94" hits="4" branch="false"/>
						<line number="95" hits="4" branch="true" condition-coverage="100% (2/2)">
							<conditions>
								<condition number="0" type="jump" coverage="100%"/>
							</conditions>
						</line>
						<line number="96" hits="3" branch="false"/>
						<line number="98" hits="4" branch="false"/>
					</lines>
				</class>
				<class name="joptsimple.util.InetAddressConverter" filename="joptsimple/util/InetAddressConverter.java" line-rate="1.0" branch-rate="1.0" complexity="2.0">
					<methods>
						<method name="&lt;init&gt;" signature="()V" line-rate="1.0" branch-rate="1.0">
							<lines>
							</lines>
						</method>
						<method name="convert" signature="(Ljava/lang/String;)Ljava/lang/Object;" line-rate="1.0" branch-rate="1.0">
							<lines>
								<line number="39" hits="3" branch="false"/>
							</lines>
						</method>
						<method name="convert" signature="(Ljava/lang/String;)Ljava/net/InetAddress;" line-rate="1.0" branch-rate="1.0">
							<lines>
								<line number="42" hits="2" branch="false"/>
								<line number="43" hits="1" branch="false"/>
								<line number="44" hits="1" branch="false"/>
							</lines>
						</method>
						<method name="valuePattern" signature="()Ljava/lang/String;" line-rate="1.0" branch-rate="1.0">
							<lines>
								<line number="53" hits="1" branch="false"/>
							</lines>
						</method>
						<method name="valueType" signature="()Ljava/lang/Class;" line-rate="1.0" branch-rate="1.0">
							<lines>
								<line number="49" hits="1" branch="false"/>
							</lines>
						</method>
					</methods>
					<lines>
						<line number="39" hits="3" branch="false"/>
						<line number="42" hits="2" branch="false"/>
						<line number="43" hits="1" branch="false"/>
						<line number="44" hits="1" branch="false"/>
						<line number="49" hits="1" branch="false"/>
						<line number="53" hits="1" branch="false"/>
					</lines>
				</class>
				<class name="joptsimple.util.KeyValuePair" filename="joptsimple/util/KeyValuePair.java" line-rate="1.0" branch-rate="1.0" complexity="2.2">
					<methods>
						<method name="&lt;init&gt;" signature="(Ljava/lang/String;Ljava/lang/String;)V" line-rate="1.0" branch-rate="1.0">
							<lines>
								<line number="42" hits="436" branch="false"/>
								<line number="43" hits="436" branch="false"/>
								<line number="44" hits="436" branch="false"/>
								<line number="45" hits="436" branch="false"/>
							</lines>
						</method>
						<method name="equals" signature="(Ljava/lang/Object;)Z" line-rate="1.0" branch-rate="1.0">
							<lines>
								<line number="67" hits="1010" branch="true" condition-coverage="100% (2/2)">
									<conditions>
										<condition number="0" type="jump" coverage="100%"/>
									</conditions>
								</line>
								<line number="68" hits="336" branch="false"/>
								<line number="70" hits="674" branch="false"/>
								<line number="71" hits="674" branch="true" condition-coverage="100% (4/4)">
									<conditions>
										<condition number="0" type="jump" coverage="100%"/>
										<condition number="1" type="jump" coverage="100%"/>
									</conditions>
								</line>
							</lines>
						</method>
						<method name="hashCode" signature="()I" line-rate="1.0" branch-rate="1.0">
							<lines>
								<line number="76" hits="180" branch="false"/>
							</lines>
						</method>
						<method name="toString" signature="()Ljava/lang/String;" line-rate="1.0" branch-rate="1.0">
							<lines>
								<line number="81" hits="1" branch="false"/>
							</lines>
						</method>
						<method name="valueOf" signature="(Ljava/lang/String;)Ljoptsimple/util/KeyValuePair;" line-rate="1.0" branch-rate="1.0">
							<lines>
								<line number="55" hits="437" branch="false"/>
								<line number="56" hits="436" branch="true" condition-coverage="100% (2/2)">
									<conditions>
										<condition number="0" type="jump" coverage="100%"/>
									</conditions>
								</line>
								<line number="57" hits="337" branch="false"/>
								<line number="59" hits="99" branch="false"/>
								<line number="60" hits="99" branch="true" condition-coverage="100% (2/2)">
									<conditions>
										<condition number="0" type="jump" coverage="100%"/>
									</conditions>
								</line>
								<line number="62" hits="99" branch="false"/>
							</lines>
						</method>
					</methods>
					<lines>
						<line number="42" hits="436" branch="false"/>
						<line number="43" hits="436" branch="false"/>
						<line number="44" hits="436" branch="false"/>
						<line number="45" hits="436" branch="false"/>
						<line number="55" hits="437" branch="false"/>
						<line number="56" hits="436" branch="true" condition-coverage="100% (2/2)">
							<conditions>
								<condition number="0" type="jump" coverage="100%"/>
							</conditions>
						</line>
						<line number="57" hits="337" branch="false"/>
						<line number="59" hits="99" branch="false"/>
						<line number="60" hits="99" branch="true" condition-coverage="100% (2/2)">
							<conditions>
								<condition number="0" type="jump" coverage="100%"/>
							</conditions>
						</line>
						<line number="62" hits="99" branch="false"/>
						<line number="67" hits="1010" branch="true" condition-coverage="100% (2/2)">
							<conditions>
								<condition number="0" type="jump" coverage="100%"/>
							</conditions>
						</line>
						<line number="68" hits="336" branch="false"/>
						<line number="70" hits="674" branch="false"/>
						<line number="71" hits="674" branch="true" condition-coverage="100% (4/4)">
							<conditions>
								<condition number="0" type="jump" coverage="100%"/>
								<condition number="1" type="jump" coverage="100%"/>
							</conditions>
						</line>
						<line number="76" hits="180" branch="false"/>
						<line number="81" hits="1" branch="false"/>
					</lines>
				</class>
				<class name="joptsimple.util.RegexMatcher" filename="joptsimple/util/RegexMatcher.java" line-rate="1.0" branch-rate="1.0" complexity="1.4">
					<methods>
						<method name="&lt;init&gt;" signature="(Ljava/lang/String;I)V" line-rate="1.0" branch-rate="1.0">
							<lines>
								<line number="52" hits="9" branch="false"/>
								<line number="53" hits="9" branch="false"/>
								<line number="54" hits="9" branch="false"/>
							</lines>
						</method>
						<method name="convert" signature="(Ljava/lang/String;)Ljava/lang/Object;" line-rate="1.0" branch-rate="1.0">
							<lines>
								<line number="40" hits="2" branch="false"/>
							</lines>
						</method>
						<method name="convert" signature="(Ljava/lang/String;)Ljava/lang/String;" line-rate="1.0" branch-rate="1.0">
							<lines>
								<line number="68" hits="5" branch="true" condition-coverage="100% (2/2)">
									<conditions>
										<condition number="0" type="jump" coverage="100%"/>
									</conditions>
								</line>
								<line number="69" hits="2" branch="false"/>
								<line number="73" hits="3" branch="false"/>
							</lines>
						</method>
						<method name="regex" signature="(Ljava/lang/String;)Ljoptsimple/ValueConverter;" line-rate="1.0" branch-rate="1.0">
							<lines>
								<line number="64" hits="2" branch="false"/>
							</lines>
						</method>
						<method name="valuePattern" signature="()Ljava/lang/String;" line-rate="1.0" branch-rate="1.0">
							<lines>
								<line number="81" hits="1" branch="false"/>
							</lines>
						</method>
						<method name="valueType" signature="()Ljava/lang/Class;" line-rate="1.0" branch-rate="1.0">
							<lines>
								<line number="77" hits="1" branch="false"/>
							</lines>
						</method>
					</methods>
					<lines>
						<line number="40" hits="2" branch="false"/>
						<line number="52" hits="9" branch="false"/>
						<line number="53" hits="9" branch="false"/>
						<line number="54" hits="9" branch="false"/>
						<line number="64" hits="2" branch="false"/>
						<line number="68" hits="5" branch="true" condition-coverage="100% (2/2)">
							<conditions>
								<condition number="0" type="jump" coverage="100%"/>
							</conditions>
						</line>
						<line number="69" hits="2" branch="false"/>
						<line number="73" hits="3" branch="false"/>
						<line number="77" hits="1" branch="false"/>
						<line number="81" hits="1" branch="false"/>
					</lines>
				</class>
			</classes>
		</package>
	</packages>
</coverage>
