<?xml version="1.0"?>
<!DOCTYPE coverage SYSTEM "http://cobertura.sourceforge.net/xml/coverage-04.dtd">

<coverage line-rate="0.9975728155339806" branch-rate="0.9651474530831099" lines-covered="822" lines-valid="824" branches-covered="360" branches-valid="373" complexity="1.9384615384615385" version="1.9.4.1" timestamp="1306021555614">
	<sources>
		<source>--source</source>
		<source>/Users/pholser/java/jopt-simple/target/checkout/src/main/java</source>
	</sources>
	<packages>
		<package name="joptsimple" line-rate="0.9980506822612085" branch-rate="0.9737991266375546" complexity="1.7912087912087913">
			<classes>
				<class name="joptsimple.AbstractOptionSpec" filename="joptsimple/AbstractOptionSpec.java" line-rate="1.0" branch-rate="1.0" complexity="1.3529411764705883">
					<methods>
						<method name="&lt;init&gt;" signature="(Ljava/lang/String;)V" line-rate="1.0" branch-rate="1.0">
							<lines>
								<line number="44" hits="520" branch="false"/>
								<line number="45" hits="520" branch="false"/>
							</lines>
						</method>
						<method name="&lt;init&gt;" signature="(Ljava/util/Collection;Ljava/lang/String;)V" line-rate="1.0" branch-rate="1.0">
							<lines>
								<line number="40" hits="1896" branch="false"/>
								<line number="47" hits="1896" branch="false"/>
								<line number="48" hits="1896" branch="false"/>
								<line number="50" hits="1896" branch="false"/>
								<line number="51" hits="1896" branch="false"/>
							</lines>
						</method>
						<method name="arrangeOptions" signature="(Ljava/util/Collection;)V" line-rate="1.0" branch-rate="1.0">
							<lines>
								<line number="85" hits="1896" branch="true" condition-coverage="100% (2/2)">
									<conditions>
										<condition number="0" type="jump" coverage="100%"/>
									</conditions>
								</line>
								<line number="86" hits="1756" branch="false"/>
								<line number="87" hits="1756" branch="false"/>
								<line number="90" hits="140" branch="false"/>
								<line number="91" hits="140" branch="false"/>
								<line number="93" hits="140" branch="true" condition-coverage="100% (2/2)">
									<conditions>
										<condition number="0" type="jump" coverage="100%"/>
									</conditions>
								</line>
								<line number="94" hits="332" branch="true" condition-coverage="100% (2/2)">
									<conditions>
										<condition number="0" type="jump" coverage="100%"/>
									</conditions>
								</line>
								<line number="95" hits="142" branch="false"/>
								<line number="97" hits="190" branch="false"/>
								<line number="100" hits="140" branch="false"/>
								<line number="101" hits="140" branch="false"/>
								<line number="103" hits="140" branch="false"/>
								<line number="104" hits="140" branch="false"/>
								<line number="105" hits="140" branch="false"/>
							</lines>
						</method>
						<method name="description" signature="()Ljava/lang/String;" line-rate="1.0" branch-rate="1.0">
							<lines>
								<line number="68" hits="498" branch="false"/>
							</lines>
						</method>
						<method name="equals" signature="(Ljava/lang/Object;)Z" line-rate="1.0" branch-rate="1.0">
							<lines>
								<line number="109" hits="4056" branch="true" condition-coverage="100% (2/2)">
									<conditions>
										<condition number="0" type="jump" coverage="100%"/>
									</conditions>
								</line>
								<line number="110" hits="1008" branch="false"/>
								<line number="112" hits="3048" branch="false"/>
								<line number="113" hits="3048" branch="false"/>
							</lines>
						</method>
						<method name="hashCode" signature="()I" line-rate="1.0" branch-rate="1.0">
							<lines>
								<line number="118" hits="2628" branch="false"/>
							</lines>
						</method>
						<method name="options" signature="()Ljava/util/Collection;" line-rate="1.0" branch-rate="1.0">
							<lines>
								<line number="54" hits="3890" branch="false"/>
							</lines>
						</method>
						<method name="toString" signature="()Ljava/lang/String;" line-rate="1.0" branch-rate="1.0">
							<lines>
								<line number="123" hits="2" branch="false"/>
							</lines>
						</method>
						<method name="value" signature="(Ljoptsimple/OptionSet;)Ljava/lang/Object;" line-rate="1.0" branch-rate="1.0">
							<lines>
								<line number="62" hits="48" branch="false"/>
							</lines>
						</method>
						<method name="values" signature="(Ljoptsimple/OptionSet;)Ljava/util/List;" line-rate="1.0" branch-rate="1.0">
							<lines>
								<line number="58" hits="152" branch="false"/>
							</lines>
						</method>
					</methods>
					<lines>
						<line number="40" hits="1896" branch="false"/>
						<line number="44" hits="520" branch="false"/>
						<line number="45" hits="520" branch="false"/>
						<line number="47" hits="1896" branch="false"/>
						<line number="48" hits="1896" branch="false"/>
						<line number="50" hits="1896" branch="false"/>
						<line number="51" hits="1896" branch="false"/>
						<line number="54" hits="3890" branch="false"/>
						<line number="58" hits="152" branch="false"/>
						<line number="62" hits="48" branch="false"/>
						<line number="68" hits="498" branch="false"/>
						<line number="85" hits="1896" branch="true" condition-coverage="100% (2/2)">
							<conditions>
								<condition number="0" type="jump" coverage="100%"/>
							</conditions>
						</line>
						<line number="86" hits="1756" branch="false"/>
						<line number="87" hits="1756" branch="false"/>
						<line number="90" hits="140" branch="false"/>
						<line number="91" hits="140" branch="false"/>
						<line number="93" hits="140" branch="true" condition-coverage="100% (2/2)">
							<conditions>
								<condition number="0" type="jump" coverage="100%"/>
							</conditions>
						</line>
						<line number="94" hits="332" branch="true" condition-coverage="100% (2/2)">
							<conditions>
								<condition number="0" type="jump" coverage="100%"/>
							</conditions>
						</line>
						<line number="95" hits="142" branch="false"/>
						<line number="97" hits="190" branch="false"/>
						<line number="100" hits="140" branch="false"/>
						<line number="101" hits="140" branch="false"/>
						<line number="103" hits="140" branch="false"/>
						<line number="104" hits="140" branch="false"/>
						<line number="105" hits="140" branch="false"/>
						<line number="109" hits="4056" branch="true" condition-coverage="100% (2/2)">
							<conditions>
								<condition number="0" type="jump" coverage="100%"/>
							</conditions>
						</line>
						<line number="110" hits="1008" branch="false"/>
						<line number="112" hits="3048" branch="false"/>
						<line number="113" hits="3048" branch="false"/>
						<line number="118" hits="2628" branch="false"/>
						<line number="123" hits="2" branch="false"/>
					</lines>
				</class>
				<class name="joptsimple.AlternativeLongOptionSpec" filename="joptsimple/AlternativeLongOptionSpec.java" line-rate="1.0" branch-rate="1.0" complexity="1.6666666666666667">
					<methods>
						<method name="&lt;init&gt;" signature="()V" line-rate="1.0" branch-rate="1.0">
							<lines>
								<line number="39" hits="68" branch="false"/>
								<line number="41" hits="68" branch="false"/>
								<line number="42" hits="68" branch="false"/>
							</lines>
						</method>
						<method name="accept" signature="(Ljoptsimple/OptionSpecVisitor;)V" line-rate="1.0" branch-rate="1.0">
							<lines>
								<line number="54" hits="2" branch="false"/>
								<line number="55" hits="2" branch="false"/>
							</lines>
						</method>
						<method name="detectOptionArgument" signature="(Ljoptsimple/OptionParser;Ljoptsimple/ArgumentList;Ljoptsimple/OptionSet;)V" line-rate="1.0" branch-rate="1.0">
							<lines>
								<line number="46" hits="22" branch="true" condition-coverage="100% (2/2)">
									<conditions>
										<condition number="0" type="jump" coverage="100%"/>
									</conditions>
								</line>
								<line number="47" hits="2" branch="false"/>
								<line number="49" hits="20" branch="false"/>
								<line number="50" hits="20" branch="false"/>
							</lines>
						</method>
					</methods>
					<lines>
						<line number="39" hits="68" branch="false"/>
						<line number="41" hits="68" branch="false"/>
						<line number="42" hits="68" branch="false"/>
						<line number="46" hits="22" branch="true" condition-coverage="100% (2/2)">
							<conditions>
								<condition number="0" type="jump" coverage="100%"/>
							</conditions>
						</line>
						<line number="47" hits="2" branch="false"/>
						<line number="49" hits="20" branch="false"/>
						<line number="50" hits="20" branch="false"/>
						<line number="54" hits="2" branch="false"/>
						<line number="55" hits="2" branch="false"/>
					</lines>
				</class>
				<class name="joptsimple.ArgumentAcceptingOptionSpec" filename="joptsimple/ArgumentAcceptingOptionSpec.java" line-rate="0.9855072463768116" branch-rate="0.9333333333333333" complexity="2.0869565217391304">
					<methods>
						<method name="&lt;init&gt;" signature="(Ljava/lang/String;Z)V" line-rate="1.0" branch-rate="1.0">
							<lines>
								<line number="70" hits="520" branch="false"/>
								<line number="72" hits="520" branch="false"/>
								<line number="73" hits="520" branch="false"/>
							</lines>
						</method>
						<method name="&lt;init&gt;" signature="(Ljava/util/Collection;ZLjava/lang/String;)V" line-rate="1.0" branch-rate="1.0">
							<lines>
								<line number="62" hits="988" branch="false"/>
								<line number="65" hits="988" branch="false"/>
								<line number="66" hits="988" branch="false"/>
								<line number="67" hits="988" branch="false"/>
								<line number="76" hits="468" branch="false"/>
								<line number="78" hits="468" branch="false"/>
								<line number="79" hits="468" branch="false"/>
							</lines>
						</method>
						<method name="acceptsArguments" signature="()Z" line-rate="1.0" branch-rate="1.0">
							<lines>
								<line number="280" hits="136" branch="false"/>
							</lines>
						</method>
						<method name="addArguments" signature="(Ljoptsimple/OptionSet;Ljava/lang/String;)V" line-rate="1.0" branch-rate="1.0">
							<lines>
								<line number="232" hits="340" branch="false"/>
								<line number="233" hits="340" branch="true" condition-coverage="100% (2/2)">
									<conditions>
										<condition number="0" type="jump" coverage="100%"/>
									</conditions>
								</line>
								<line number="234" hits="2" branch="false"/>
								<line number="236" hits="740" branch="true" condition-coverage="100% (2/2)">
									<conditions>
										<condition number="0" type="jump" coverage="100%"/>
									</conditions>
								</line>
								<line number="237" hits="402" branch="false"/>
								<line number="239" hits="340" branch="false"/>
							</lines>
						</method>
						<method name="addDefaultValue" signature="(Ljava/lang/Object;)V" line-rate="1.0" branch-rate="1.0">
							<lines>
								<line number="217" hits="106" branch="false"/>
								<line number="218" hits="102" branch="false"/>
								<line number="219" hits="102" branch="false"/>
							</lines>
						</method>
						<method name="argumentDescription" signature="()Ljava/lang/String;" line-rate="1.0" branch-rate="1.0">
							<lines>
								<line number="289" hits="54" branch="false"/>
							</lines>
						</method>
						<method name="canConvertArgument" signature="(Ljava/lang/String;)Z" line-rate="1.0" branch-rate="1.0">
							<lines>
								<line number="262" hits="16" branch="false"/>
								<line number="265" hits="26" branch="true" condition-coverage="100% (2/2)">
									<conditions>
										<condition number="0" type="jump" coverage="100%"/>
									</conditions>
								</line>
								<line number="266" hits="16" branch="false"/>
								<line number="267" hits="10" branch="false"/>
								<line number="269" hits="6" branch="false"/>
								<line number="270" hits="6" branch="false"/>
							</lines>
						</method>
						<method name="convert" signature="(Ljava/lang/String;)Ljava/lang/Object;" line-rate="1.0" branch-rate="1.0">
							<lines>
								<line number="247" hits="810" branch="true" condition-coverage="100% (2/2)">
									<conditions>
										<condition number="0" type="jump" coverage="100%"/>
									</conditions>
								</line>
								<line number="248" hits="410" branch="false"/>
								<line number="251" hits="400" branch="false"/>
								<line number="253" hits="10" branch="false"/>
								<line number="254" hits="10" branch="false"/>
								<line number="256" hits="2" branch="false"/>
								<line number="257" hits="2" branch="false"/>
							</lines>
						</method>
						<method name="defaultValues" signature="()Ljava/util/List;" line-rate="1.0" branch-rate="1.0">
							<lines>
								<line number="302" hits="558" branch="false"/>
							</lines>
						</method>
						<method name="defaultsTo" signature="(Ljava/lang/Object;[Ljava/lang/Object;)Ljoptsimple/ArgumentAcceptingOptionSpec;" line-rate="1.0" branch-rate="1.0">
							<lines>
								<line number="193" hits="64" branch="false"/>
								<line number="194" hits="102" branch="true" condition-coverage="100% (2/2)">
									<conditions>
										<condition number="0" type="jump" coverage="100%"/>
									</conditions>
								</line>
								<line number="195" hits="42" branch="false"/>
								<line number="197" hits="58" branch="false"/>
							</lines>
						</method>
						<method name="describedAs" signature="(Ljava/lang/String;)Ljoptsimple/ArgumentAcceptingOptionSpec;" line-rate="1.0" branch-rate="1.0">
							<lines>
								<line number="147" hits="86" branch="false"/>
								<line number="148" hits="86" branch="false"/>
							</lines>
						</method>
						<method name="equals" signature="(Ljava/lang/Object;)Z" line-rate="1.0" branch-rate="0.75">
							<lines>
								<line number="307" hits="3042" branch="true" condition-coverage="100% (2/2)">
									<conditions>
										<condition number="0" type="jump" coverage="100%"/>
									</conditions>
								</line>
								<line number="308" hits="1182" branch="false"/>
								<line number="310" hits="1860" branch="false"/>
								<line number="311" hits="1860" branch="true" condition-coverage="50% (1/2)">
									<conditions>
										<condition number="0" type="jump" coverage="50%"/>
									</conditions>
								</line>
							</lines>
						</method>
						<method name="handleOption" signature="(Ljoptsimple/OptionParser;Ljoptsimple/ArgumentList;Ljoptsimple/OptionSet;Ljava/lang/String;)V" line-rate="1.0" branch-rate="1.0">
							<lines>
								<line number="225" hits="414" branch="true" condition-coverage="100% (2/2)">
									<conditions>
										<condition number="0" type="jump" coverage="100%"/>
									</conditions>
								</line>
								<line number="226" hits="312" branch="false"/>
								<line number="228" hits="102" branch="false"/>
								<line number="229" hits="404" branch="false"/>
							</lines>
						</method>
						<method name="hashCode" signature="()I" line-rate="1.0" branch-rate="1.0">
							<lines>
								<line number="316" hits="2436" branch="true" condition-coverage="100% (2/2)">
									<conditions>
										<condition number="0" type="jump" coverage="100%"/>
									</conditions>
								</line>
							</lines>
						</method>
						<method name="isArgumentOfNumberType" signature="()Z" line-rate="1.0" branch-rate="0.75">
							<lines>
								<line number="275" hits="28" branch="true" condition-coverage="75% (3/4)">
									<conditions>
										<condition number="0" type="jump" coverage="100%"/>
										<condition number="1" type="jump" coverage="50%"/>
									</conditions>
								</line>
							</lines>
						</method>
						<method name="isRequired" signature="()Z" line-rate="1.0" branch-rate="1.0">
							<lines>
								<line number="213" hits="590" branch="false"/>
							</lines>
						</method>
						<method name="ofType" signature="(Ljava/lang/Class;)Ljoptsimple/ArgumentAcceptingOptionSpec;" line-rate="1.0" branch-rate="1.0">
							<lines>
								<line number="112" hits="212" branch="false"/>
							</lines>
						</method>
						<method name="required" signature="()Ljoptsimple/ArgumentAcceptingOptionSpec;" line-rate="1.0" branch-rate="1.0">
							<lines>
								<line number="208" hits="8" branch="false"/>
								<line number="209" hits="8" branch="false"/>
							</lines>
						</method>
						<method name="requiresArgument" signature="()Z" line-rate="1.0" branch-rate="1.0">
							<lines>
								<line number="285" hits="3738" branch="false"/>
							</lines>
						</method>
						<method name="toString" signature="()Ljava/lang/String;" line-rate="0.0" branch-rate="1.0">
							<lines>
								<line number="59" hits="0" branch="false"/>
							</lines>
						</method>
						<method name="typeIndicator" signature="()Ljava/lang/String;" line-rate="1.0" branch-rate="1.0">
							<lines>
								<line number="293" hits="52" branch="true" condition-coverage="100% (2/2)">
									<conditions>
										<condition number="0" type="jump" coverage="100%"/>
									</conditions>
								</line>
								<line number="294" hits="12" branch="false"/>
								<line number="296" hits="40" branch="false"/>
								<line number="297" hits="40" branch="true" condition-coverage="100% (2/2)">
									<conditions>
										<condition number="0" type="jump" coverage="100%"/>
									</conditions>
								</line>
							</lines>
						</method>
						<method name="withValuesConvertedBy" signature="(Ljoptsimple/ValueConverter;)Ljoptsimple/ArgumentAcceptingOptionSpec;" line-rate="1.0" branch-rate="1.0">
							<lines>
								<line number="130" hits="226" branch="true" condition-coverage="100% (2/2)">
									<conditions>
										<condition number="0" type="jump" coverage="100%"/>
									</conditions>
								</line>
								<line number="131" hits="2" branch="false"/>
								<line number="133" hits="224" branch="false"/>
								<line number="134" hits="224" branch="false"/>
							</lines>
						</method>
						<method name="withValuesSeparatedBy" signature="(C)Ljoptsimple/ArgumentAcceptingOptionSpec;" line-rate="1.0" branch-rate="1.0">
							<lines>
								<line number="175" hits="36" branch="true" condition-coverage="100% (2/2)">
									<conditions>
										<condition number="0" type="jump" coverage="100%"/>
									</conditions>
								</line>
								<line number="176" hits="4" branch="false"/>
								<line number="178" hits="32" branch="false"/>
								<line number="179" hits="32" branch="false"/>
							</lines>
						</method>
					</methods>
					<lines>
						<line number="59" hits="0" branch="false"/>
						<line number="62" hits="988" branch="false"/>
						<line number="65" hits="988" branch="false"/>
						<line number="66" hits="988" branch="false"/>
						<line number="67" hits="988" branch="false"/>
						<line number="70" hits="520" branch="false"/>
						<line number="72" hits="520" branch="false"/>
						<line number="73" hits="520" branch="false"/>
						<line number="76" hits="468" branch="false"/>
						<line number="78" hits="468" branch="false"/>
						<line number="79" hits="468" branch="false"/>
						<line number="112" hits="212" branch="false"/>
						<line number="130" hits="226" branch="true" condition-coverage="100% (2/2)">
							<conditions>
								<condition number="0" type="jump" coverage="100%"/>
							</conditions>
						</line>
						<line number="131" hits="2" branch="false"/>
						<line number="133" hits="224" branch="false"/>
						<line number="134" hits="224" branch="false"/>
						<line number="147" hits="86" branch="false"/>
						<line number="148" hits="86" branch="false"/>
						<line number="175" hits="36" branch="true" condition-coverage="100% (2/2)">
							<conditions>
								<condition number="0" type="jump" coverage="100%"/>
							</conditions>
						</line>
						<line number="176" hits="4" branch="false"/>
						<line number="178" hits="32" branch="false"/>
						<line number="179" hits="32" branch="false"/>
						<line number="193" hits="64" branch="false"/>
						<line number="194" hits="102" branch="true" condition-coverage="100% (2/2)">
							<conditions>
								<condition number="0" type="jump" coverage="100%"/>
							</conditions>
						</line>
						<line number="195" hits="42" branch="false"/>
						<line number="197" hits="58" branch="false"/>
						<line number="208" hits="8" branch="false"/>
						<line number="209" hits="8" branch="false"/>
						<line number="213" hits="590" branch="false"/>
						<line number="217" hits="106" branch="false"/>
						<line number="218" hits="102" branch="false"/>
						<line number="219" hits="102" branch="false"/>
						<line number="225" hits="414" branch="true" condition-coverage="100% (2/2)">
							<conditions>
								<condition number="0" type="jump" coverage="100%"/>
							</conditions>
						</line>
						<line number="226" hits="312" branch="false"/>
						<line number="228" hits="102" branch="false"/>
						<line number="229" hits="404" branch="false"/>
						<line number="232" hits="340" branch="false"/>
						<line number="233" hits="340" branch="true" condition-coverage="100% (2/2)">
							<conditions>
								<condition number="0" type="jump" coverage="100%"/>
							</conditions>
						</line>
						<line number="234" hits="2" branch="false"/>
						<line number="236" hits="740" branch="true" condition-coverage="100% (2/2)">
							<conditions>
								<condition number="0" type="jump" coverage="100%"/>
							</conditions>
						</line>
						<line number="237" hits="402" branch="false"/>
						<line number="239" hits="340" branch="false"/>
						<line number="247" hits="810" branch="true" condition-coverage="100% (2/2)">
							<conditions>
								<condition number="0" type="jump" coverage="100%"/>
							</conditions>
						</line>
						<line number="248" hits="410" branch="false"/>
						<line number="251" hits="400" branch="false"/>
						<line number="253" hits="10" branch="false"/>
						<line number="254" hits="10" branch="false"/>
						<line number="256" hits="2" branch="false"/>
						<line number="257" hits="2" branch="false"/>
						<line number="262" hits="16" branch="false"/>
						<line number="265" hits="26" branch="true" condition-coverage="100% (2/2)">
							<conditions>
								<condition number="0" type="jump" coverage="100%"/>
							</conditions>
						</line>
						<line number="266" hits="16" branch="false"/>
						<line number="267" hits="10" branch="false"/>
						<line number="269" hits="6" branch="false"/>
						<line number="270" hits="6" branch="false"/>
						<line number="275" hits="28" branch="true" condition-coverage="75% (3/4)">
							<conditions>
								<condition number="0" type="jump" coverage="100%"/>
								<condition number="1" type="jump" coverage="50%"/>
							</conditions>
						</line>
						<line number="280" hits="136" branch="false"/>
						<line number="285" hits="3738" branch="false"/>
						<line number="289" hits="54" branch="false"/>
						<line number="293" hits="52" branch="true" condition-coverage="100% (2/2)">
							<conditions>
								<condition number="0" type="jump" coverage="100%"/>
							</conditions>
						</line>
						<line number="294" hits="12" branch="false"/>
						<line number="296" hits="40" branch="false"/>
						<line number="297" hits="40" branch="true" condition-coverage="100% (2/2)">
							<conditions>
								<condition number="0" type="jump" coverage="100%"/>
							</conditions>
						</line>
						<line number="302" hits="558" branch="false"/>
						<line number="307" hits="3042" branch="true" condition-coverage="100% (2/2)">
							<conditions>
								<condition number="0" type="jump" coverage="100%"/>
							</conditions>
						</line>
						<line number="308" hits="1182" branch="false"/>
						<line number="310" hits="1860" branch="false"/>
						<line number="311" hits="1860" branch="true" condition-coverage="50% (1/2)">
							<conditions>
								<condition number="0" type="jump" coverage="50%"/>
							</conditions>
						</line>
						<line number="316" hits="2436" branch="true" condition-coverage="100% (2/2)">
							<conditions>
								<condition number="0" type="jump" coverage="100%"/>
							</conditions>
						</line>
					</lines>
				</class>
				<class name="joptsimple.ArgumentList" filename="joptsimple/ArgumentList.java" line-rate="1.0" branch-rate="1.0" complexity="1.2">
					<methods>
						<method name="&lt;init&gt;" signature="([Ljava/lang/String;)V" line-rate="1.0" branch-rate="1.0">
							<lines>
								<line number="39" hits="380" branch="false"/>
								<line number="40" hits="380" branch="false"/>
								<line number="41" hits="378" branch="false"/>
							</lines>
						</method>
						<method name="hasMore" signature="()Z" line-rate="1.0" branch-rate="1.0">
							<lines>
								<line number="44" hits="1460" branch="true" condition-coverage="100% (2/2)">
									<conditions>
										<condition number="0" type="jump" coverage="100%"/>
									</conditions>
								</line>
							</lines>
						</method>
						<method name="next" signature="()Ljava/lang/String;" line-rate="1.0" branch-rate="1.0">
							<lines>
								<line number="48" hits="1048" branch="false"/>
							</lines>
						</method>
						<method name="peek" signature="()Ljava/lang/String;" line-rate="1.0" branch-rate="1.0">
							<lines>
								<line number="52" hits="106" branch="false"/>
							</lines>
						</method>
						<method name="treatNextAsLongOption" signature="()V" line-rate="1.0" branch-rate="1.0">
							<lines>
								<line number="56" hits="28" branch="true" condition-coverage="100% (2/2)">
									<conditions>
										<condition number="0" type="jump" coverage="100%"/>
									</conditions>
								</line>
								<line number="57" hits="24" branch="false"/>
								<line number="58" hits="26" branch="false"/>
							</lines>
						</method>
					</methods>
					<lines>
						<line number="39" hits="380" branch="false"/>
						<line number="40" hits="380" branch="false"/>
						<line number="41" hits="378" branch="false"/>
						<line number="44" hits="1460" branch="true" condition-coverage="100% (2/2)">
							<conditions>
								<condition number="0" type="jump" coverage="100%"/>
							</conditions>
						</line>
						<line number="48" hits="1048" branch="false"/>
						<line number="52" hits="106" branch="false"/>
						<line number="56" hits="28" branch="true" condition-coverage="100% (2/2)">
							<conditions>
								<condition number="0" type="jump" coverage="100%"/>
							</conditions>
						</line>
						<line number="57" hits="24" branch="false"/>
						<line number="58" hits="26" branch="false"/>
					</lines>
				</class>
				<class name="joptsimple.HelpFormatter" filename="joptsimple/HelpFormatter.java" line-rate="1.0" branch-rate="1.0" complexity="2.4615384615384617">
					<methods>
						<method name="&lt;init&gt;" signature="()V" line-rate="1.0" branch-rate="1.0">
							<lines>
								<line number="46" hits="58" branch="false"/>
							</lines>
						</method>
						<method name="addHelpLineFor" signature="(Ljoptsimple/AbstractOptionSpec;Ljava/lang/String;)V" line-rate="1.0" branch-rate="1.0">
							<lines>
								<line number="82" hits="98" branch="false"/>
								<line number="83" hits="98" branch="false"/>
							</lines>
						</method>
						<method name="createDefaultValuesDisplay" signature="(Ljava/util/List;)Ljava/lang/String;" line-rate="1.0" branch-rate="1.0">
							<lines>
								<line number="148" hits="8" branch="true" condition-coverage="100% (2/2)">
									<conditions>
										<condition number="0" type="jump" coverage="100%"/>
									</conditions>
								</line>
							</lines>
						</method>
						<method name="createDescriptionDisplay" signature="(Ljoptsimple/AbstractOptionSpec;)Ljava/lang/String;" line-rate="1.0" branch-rate="1.0">
							<lines>
								<line number="139" hits="98" branch="false"/>
								<line number="140" hits="98" branch="true" condition-coverage="100% (2/2)">
									<conditions>
										<condition number="0" type="jump" coverage="100%"/>
									</conditions>
								</line>
								<line number="141" hits="90" branch="false"/>
								<line number="143" hits="8" branch="false"/>
								<line number="144" hits="8" branch="false"/>
							</lines>
						</method>
						<method name="createOptionDisplay" signature="(Ljoptsimple/AbstractOptionSpec;)Ljava/lang/String;" line-rate="1.0" branch-rate="1.0">
							<lines>
								<line number="122" hits="98" branch="false"/>
								<line number="124" hits="98" branch="true" condition-coverage="100% (2/2)">
									<conditions>
										<condition number="0" type="jump" coverage="100%"/>
									</conditions>
								</line>
								<line number="125" hits="156" branch="false"/>
								<line number="126" hits="156" branch="true" condition-coverage="100% (2/2)">
									<conditions>
										<condition number="0" type="jump" coverage="100%"/>
									</conditions>
								</line>
								<line number="127" hits="2" branch="false"/>
								<line number="128" hits="156" branch="true" condition-coverage="100% (2/2)">
									<conditions>
										<condition number="0" type="jump" coverage="100%"/>
									</conditions>
								</line>
								<line number="129" hits="156" branch="false"/>
								<line number="131" hits="156" branch="true" condition-coverage="100% (2/2)">
									<conditions>
										<condition number="0" type="jump" coverage="100%"/>
									</conditions>
								</line>
								<line number="132" hits="58" branch="false"/>
								<line number="133" hits="156" branch="false"/>
								<line number="135" hits="98" branch="false"/>
							</lines>
						</method>
						<method name="format" signature="(Ljava/util/Collection;)Ljava/lang/String;" line-rate="1.0" branch-rate="1.0">
							<lines>
								<line number="50" hits="58" branch="true" condition-coverage="100% (2/2)">
									<conditions>
										<condition number="0" type="jump" coverage="100%"/>
									</conditions>
								</line>
								<line number="51" hits="6" branch="false"/>
								<line number="53" hits="52" branch="false"/>
								<line number="54" hits="52" branch="false"/>
								<line number="56" hits="52" branch="false"/>
								<line number="63" hits="52" branch="false"/>
								<line number="64" hits="52" branch="false"/>
								<line number="66" hits="52" branch="true" condition-coverage="100% (2/2)">
									<conditions>
										<condition number="0" type="jump" coverage="100%"/>
									</conditions>
								</line>
								<line number="67" hits="98" branch="false"/>
								<line number="69" hits="52" branch="false"/>
							</lines>
						</method>
						<method name="optionHeader" signature="(Ljava/util/Collection;)Ljava/lang/String;" line-rate="1.0" branch-rate="1.0">
							<lines>
								<line number="73" hits="52" branch="true" condition-coverage="100% (2/2)">
									<conditions>
										<condition number="0" type="jump" coverage="100%"/>
									</conditions>
								</line>
								<line number="74" hits="156" branch="true" condition-coverage="100% (2/2)">
									<conditions>
										<condition number="0" type="jump" coverage="100%"/>
									</conditions>
								</line>
								<line number="75" hits="2" branch="false"/>
								<line number="78" hits="50" branch="false"/>
							</lines>
						</method>
						<method name="typeIndicator" signature="(Ljoptsimple/ArgumentAcceptingOptionSpec;)Ljava/lang/String;" line-rate="1.0" branch-rate="1.0">
							<lines>
								<line number="152" hits="52" branch="false"/>
								<line number="153" hits="52" branch="true" condition-coverage="100% (4/4)">
									<conditions>
										<condition number="0" type="jump" coverage="100%"/>
										<condition number="1" type="jump" coverage="100%"/>
									</conditions>
								</line>
							</lines>
						</method>
						<method name="visit" signature="(Ljoptsimple/AlternativeLongOptionSpec;)V" line-rate="1.0" branch-rate="1.0">
							<lines>
								<line number="98" hits="2" branch="false"/>
								<line number="99" hits="2" branch="false"/>
							</lines>
						</method>
						<method name="visit" signature="(Ljoptsimple/ArgumentAcceptingOptionSpec;CC)V" line-rate="1.0" branch-rate="1.0">
							<lines>
								<line number="102" hits="52" branch="false"/>
								<line number="103" hits="52" branch="false"/>
								<line number="104" hits="52" branch="false"/>
								<line number="106" hits="52" branch="true" condition-coverage="100% (2/2)">
									<conditions>
										<condition number="0" type="jump" coverage="100%"/>
									</conditions>
								</line>
								<line number="107" hits="24" branch="false"/>
								<line number="109" hits="24" branch="true" condition-coverage="100% (2/2)">
									<conditions>
										<condition number="0" type="jump" coverage="100%"/>
									</conditions>
								</line>
								<line number="110" hits="14" branch="false"/>
								<line number="112" hits="28" branch="true" condition-coverage="100% (2/2)">
									<conditions>
										<condition number="0" type="jump" coverage="100%"/>
									</conditions>
								</line>
								<line number="113" hits="4" branch="false"/>
								<line number="115" hits="52" branch="true" condition-coverage="100% (2/2)">
									<conditions>
										<condition number="0" type="jump" coverage="100%"/>
									</conditions>
								</line>
								<line number="118" hits="52" branch="false"/>
								<line number="119" hits="52" branch="false"/>
							</lines>
						</method>
						<method name="visit" signature="(Ljoptsimple/NoArgumentOptionSpec;)V" line-rate="1.0" branch-rate="1.0">
							<lines>
								<line number="86" hits="44" branch="false"/>
								<line number="87" hits="44" branch="false"/>
							</lines>
						</method>
						<method name="visit" signature="(Ljoptsimple/OptionalArgumentOptionSpec;)V" line-rate="1.0" branch-rate="1.0">
							<lines>
								<line number="94" hits="18" branch="false"/>
								<line number="95" hits="18" branch="false"/>
							</lines>
						</method>
						<method name="visit" signature="(Ljoptsimple/RequiredArgumentOptionSpec;)V" line-rate="1.0" branch-rate="1.0">
							<lines>
								<line number="90" hits="34" branch="false"/>
								<line number="91" hits="34" branch="false"/>
							</lines>
						</method>
					</methods>
					<lines>
						<line number="46" hits="58" branch="false"/>
						<line number="50" hits="58" branch="true" condition-coverage="100% (2/2)">
							<conditions>
								<condition number="0" type="jump" coverage="100%"/>
							</conditions>
						</line>
						<line number="51" hits="6" branch="false"/>
						<line number="53" hits="52" branch="false"/>
						<line number="54" hits="52" branch="false"/>
						<line number="56" hits="52" branch="false"/>
						<line number="63" hits="52" branch="false"/>
						<line number="64" hits="52" branch="false"/>
						<line number="66" hits="52" branch="true" condition-coverage="100% (2/2)">
							<conditions>
								<condition number="0" type="jump" coverage="100%"/>
							</conditions>
						</line>
						<line number="67" hits="98" branch="false"/>
						<line number="69" hits="52" branch="false"/>
						<line number="73" hits="52" branch="true" condition-coverage="100% (2/2)">
							<conditions>
								<condition number="0" type="jump" coverage="100%"/>
							</conditions>
						</line>
						<line number="74" hits="156" branch="true" condition-coverage="100% (2/2)">
							<conditions>
								<condition number="0" type="jump" coverage="100%"/>
							</conditions>
						</line>
						<line number="75" hits="2" branch="false"/>
						<line number="78" hits="50" branch="false"/>
						<line number="82" hits="98" branch="false"/>
						<line number="83" hits="98" branch="false"/>
						<line number="86" hits="44" branch="false"/>
						<line number="87" hits="44" branch="false"/>
						<line number="90" hits="34" branch="false"/>
						<line number="91" hits="34" branch="false"/>
						<line number="94" hits="18" branch="false"/>
						<line number="95" hits="18" branch="false"/>
						<line number="98" hits="2" branch="false"/>
						<line number="99" hits="2" branch="false"/>
						<line number="102" hits="52" branch="false"/>
						<line number="103" hits="52" branch="false"/>
						<line number="104" hits="52" branch="false"/>
						<line number="106" hits="52" branch="true" condition-coverage="100% (2/2)">
							<conditions>
								<condition number="0" type="jump" coverage="100%"/>
							</conditions>
						</line>
						<line number="107" hits="24" branch="false"/>
						<line number="109" hits="24" branch="true" condition-coverage="100% (2/2)">
							<conditions>
								<condition number="0" type="jump" coverage="100%"/>
							</conditions>
						</line>
						<line number="110" hits="14" branch="false"/>
						<line number="112" hits="28" branch="true" condition-coverage="100% (2/2)">
							<conditions>
								<condition number="0" type="jump" coverage="100%"/>
							</conditions>
						</line>
						<line number="113" hits="4" branch="false"/>
						<line number="115" hits="52" branch="true" condition-coverage="100% (2/2)">
							<conditions>
								<condition number="0" type="jump" coverage="100%"/>
							</conditions>
						</line>
						<line number="118" hits="52" branch="false"/>
						<line number="119" hits="52" branch="false"/>
						<line number="122" hits="98" branch="false"/>
						<line number="124" hits="98" branch="true" condition-coverage="100% (2/2)">
							<conditions>
								<condition number="0" type="jump" coverage="100%"/>
							</conditions>
						</line>
						<line number="125" hits="156" branch="false"/>
						<line number="126" hits="156" branch="true" condition-coverage="100% (2/2)">
							<conditions>
								<condition number="0" type="jump" coverage="100%"/>
							</conditions>
						</line>
						<line number="127" hits="2" branch="false"/>
						<line number="128" hits="156" branch="true" condition-coverage="100% (2/2)">
							<conditions>
								<condition number="0" type="jump" coverage="100%"/>
							</conditions>
						</line>
						<line number="129" hits="156" branch="false"/>
						<line number="131" hits="156" branch="true" condition-coverage="100% (2/2)">
							<conditions>
								<condition number="0" type="jump" coverage="100%"/>
							</conditions>
						</line>
						<line number="132" hits="58" branch="false"/>
						<line number="133" hits="156" branch="false"/>
						<line number="135" hits="98" branch="false"/>
						<line number="139" hits="98" branch="false"/>
						<line number="140" hits="98" branch="true" condition-coverage="100% (2/2)">
							<conditions>
								<condition number="0" type="jump" coverage="100%"/>
							</conditions>
						</line>
						<line number="141" hits="90" branch="false"/>
						<line number="143" hits="8" branch="false"/>
						<line number="144" hits="8" branch="false"/>
						<line number="148" hits="8" branch="true" condition-coverage="100% (2/2)">
							<conditions>
								<condition number="0" type="jump" coverage="100%"/>
							</conditions>
						</line>
						<line number="152" hits="52" branch="false"/>
						<line number="153" hits="52" branch="true" condition-coverage="100% (4/4)">
							<conditions>
								<condition number="0" type="jump" coverage="100%"/>
								<condition number="1" type="jump" coverage="100%"/>
							</conditions>
						</line>
					</lines>
				</class>
				<class name="joptsimple.HelpFormatter$1" filename="joptsimple/HelpFormatter.java" line-rate="1.0" branch-rate="1.0" complexity="2.4615384615384617">
					<methods>
						<method name="&lt;init&gt;" signature="(Ljoptsimple/HelpFormatter;)V" line-rate="1.0" branch-rate="1.0">
							<lines>
							</lines>
						</method>
						<method name="compare" signature="(Ljava/lang/Object;Ljava/lang/Object;)I" line-rate="1.0" branch-rate="1.0">
							<lines>
								<line number="57" hits="466" branch="false"/>
							</lines>
						</method>
						<method name="compare" signature="(Ljoptsimple/AbstractOptionSpec;Ljoptsimple/AbstractOptionSpec;)I" line-rate="1.0" branch-rate="1.0">
							<lines>
								<line number="59" hits="414" branch="false"/>
							</lines>
						</method>
					</methods>
					<lines>
						<line number="57" hits="466" branch="false"/>
						<line number="59" hits="414" branch="false"/>
					</lines>
				</class>
				<class name="joptsimple.IllegalOptionClusterException" filename="joptsimple/IllegalOptionClusterException.java" line-rate="1.0" branch-rate="1.0" complexity="1.0">
					<methods>
						<method name="&lt;init&gt;" signature="(Ljava/lang/String;)V" line-rate="1.0" branch-rate="1.0">
							<lines>
								<line number="40" hits="4" branch="false"/>
								<line number="41" hits="4" branch="false"/>
							</lines>
						</method>
						<method name="getMessage" signature="()Ljava/lang/String;" line-rate="1.0" branch-rate="1.0">
							<lines>
								<line number="45" hits="6" branch="false"/>
							</lines>
						</method>
					</methods>
					<lines>
						<line number="40" hits="4" branch="false"/>
						<line number="41" hits="4" branch="false"/>
						<line number="45" hits="6" branch="false"/>
					</lines>
				</class>
				<class name="joptsimple.IllegalOptionSpecificationException" filename="joptsimple/IllegalOptionSpecificationException.java" line-rate="1.0" branch-rate="1.0" complexity="1.0">
					<methods>
						<method name="&lt;init&gt;" signature="(Ljava/lang/String;)V" line-rate="1.0" branch-rate="1.0">
							<lines>
								<line number="40" hits="10" branch="false"/>
								<line number="41" hits="10" branch="false"/>
							</lines>
						</method>
						<method name="getMessage" signature="()Ljava/lang/String;" line-rate="1.0" branch-rate="1.0">
							<lines>
								<line number="45" hits="6" branch="false"/>
							</lines>
						</method>
					</methods>
					<lines>
						<line number="40" hits="10" branch="false"/>
						<line number="41" hits="10" branch="false"/>
						<line number="45" hits="6" branch="false"/>
					</lines>
				</class>
				<class name="joptsimple.MissingRequiredOptionException" filename="joptsimple/MissingRequiredOptionException.java" line-rate="1.0" branch-rate="1.0" complexity="1.0">
					<methods>
						<method name="&lt;init&gt;" signature="(Ljava/util/Collection;)V" line-rate="1.0" branch-rate="1.0">
							<lines>
								<line number="39" hits="6" branch="false"/>
								<line number="40" hits="6" branch="false"/>
							</lines>
						</method>
						<method name="getMessage" signature="()Ljava/lang/String;" line-rate="1.0" branch-rate="1.0">
							<lines>
								<line number="44" hits="6" branch="false"/>
							</lines>
						</method>
					</methods>
					<lines>
						<line number="39" hits="6" branch="false"/>
						<line number="40" hits="6" branch="false"/>
						<line number="44" hits="6" branch="false"/>
					</lines>
				</class>
				<class name="joptsimple.MultipleArgumentsForOptionException" filename="joptsimple/MultipleArgumentsForOptionException.java" line-rate="1.0" branch-rate="1.0" complexity="1.0">
					<methods>
						<method name="&lt;init&gt;" signature="(Ljava/util/Collection;)V" line-rate="1.0" branch-rate="1.0">
							<lines>
								<line number="40" hits="6" branch="false"/>
								<line number="41" hits="6" branch="false"/>
							</lines>
						</method>
						<method name="getMessage" signature="()Ljava/lang/String;" line-rate="1.0" branch-rate="1.0">
							<lines>
								<line number="45" hits="6" branch="false"/>
							</lines>
						</method>
					</methods>
					<lines>
						<line number="40" hits="6" branch="false"/>
						<line number="41" hits="6" branch="false"/>
						<line number="45" hits="6" branch="false"/>
					</lines>
				</class>
				<class name="joptsimple.NoArgumentOptionSpec" filename="joptsimple/NoArgumentOptionSpec.java" line-rate="1.0" branch-rate="1.0" complexity="1.0">
					<methods>
						<method name="&lt;init&gt;" signature="(Ljava/lang/String;)V" line-rate="1.0" branch-rate="1.0">
							<lines>
								<line number="40" hits="188" branch="false"/>
								<line number="41" hits="188" branch="false"/>
							</lines>
						</method>
						<method name="&lt;init&gt;" signature="(Ljava/util/Collection;Ljava/lang/String;)V" line-rate="1.0" branch-rate="1.0">
							<lines>
								<line number="44" hits="908" branch="false"/>
								<line number="45" hits="908" branch="false"/>
							</lines>
						</method>
						<method name="accept" signature="(Ljoptsimple/OptionSpecVisitor;)V" line-rate="1.0" branch-rate="1.0">
							<lines>
								<line number="71" hits="44" branch="false"/>
								<line number="72" hits="44" branch="false"/>
							</lines>
						</method>
						<method name="acceptsArguments" signature="()Z" line-rate="1.0" branch-rate="1.0">
							<lines>
								<line number="56" hits="40" branch="false"/>
							</lines>
						</method>
						<method name="convert" signature="(Ljava/lang/String;)Ljava/lang/Object;" line-rate="1.0" branch-rate="1.0">
							<lines>
								<line number="38" hits="96" branch="false"/>
							</lines>
						</method>
						<method name="convert" signature="(Ljava/lang/String;)Ljava/lang/Void;" line-rate="1.0" branch-rate="1.0">
							<lines>
								<line number="76" hits="96" branch="false"/>
							</lines>
						</method>
						<method name="defaultValues" signature="()Ljava/util/List;" line-rate="1.0" branch-rate="1.0">
							<lines>
								<line number="81" hits="350" branch="false"/>
							</lines>
						</method>
						<method name="handleOption" signature="(Ljoptsimple/OptionParser;Ljoptsimple/ArgumentList;Ljoptsimple/OptionSet;Ljava/lang/String;)V" line-rate="1.0" branch-rate="1.0">
							<lines>
								<line number="51" hits="148" branch="false"/>
								<line number="52" hits="148" branch="false"/>
							</lines>
						</method>
						<method name="isRequired" signature="()Z" line-rate="1.0" branch-rate="1.0">
							<lines>
								<line number="61" hits="436" branch="false"/>
							</lines>
						</method>
						<method name="requiresArgument" signature="()Z" line-rate="1.0" branch-rate="1.0">
							<lines>
								<line number="66" hits="10" branch="false"/>
							</lines>
						</method>
					</methods>
					<lines>
						<line number="38" hits="96" branch="false"/>
						<line number="40" hits="188" branch="false"/>
						<line number="41" hits="188" branch="false"/>
						<line number="44" hits="908" branch="false"/>
						<line number="45" hits="908" branch="false"/>
						<line number="51" hits="148" branch="false"/>
						<line number="52" hits="148" branch="false"/>
						<line number="56" hits="40" branch="false"/>
						<line number="61" hits="436" branch="false"/>
						<line number="66" hits="10" branch="false"/>
						<line number="71" hits="44" branch="false"/>
						<line number="72" hits="44" branch="false"/>
						<line number="76" hits="96" branch="false"/>
						<line number="81" hits="350" branch="false"/>
					</lines>
				</class>
				<class name="joptsimple.OptionArgumentConversionException" filename="joptsimple/OptionArgumentConversionException.java" line-rate="1.0" branch-rate="1.0" complexity="1.0">
					<methods>
						<method name="&lt;init&gt;" signature="(Ljava/util/Collection;Ljava/lang/String;Ljava/lang/Class;Ljava/lang/Throwable;)V" line-rate="1.0" branch-rate="1.0">
							<lines>
								<line number="45" hits="14" branch="false"/>
								<line number="47" hits="14" branch="false"/>
								<line number="48" hits="14" branch="false"/>
								<line number="49" hits="14" branch="false"/>
							</lines>
						</method>
						<method name="getMessage" signature="()Ljava/lang/String;" line-rate="1.0" branch-rate="1.0">
							<lines>
								<line number="53" hits="6" branch="false"/>
							</lines>
						</method>
					</methods>
					<lines>
						<line number="45" hits="14" branch="false"/>
						<line number="47" hits="14" branch="false"/>
						<line number="48" hits="14" branch="false"/>
						<line number="49" hits="14" branch="false"/>
						<line number="53" hits="6" branch="false"/>
					</lines>
				</class>
				<class name="joptsimple.OptionException" filename="joptsimple/OptionException.java" line-rate="1.0" branch-rate="1.0" complexity="1.25">
					<methods>
						<method name="&lt;init&gt;" signature="(Ljava/util/Collection;)V" line-rate="1.0" branch-rate="1.0">
							<lines>
								<line number="46" hits="76" branch="false"/>
								<line number="47" hits="76" branch="false"/>
								<line number="48" hits="76" branch="false"/>
							</lines>
						</method>
						<method name="&lt;init&gt;" signature="(Ljava/util/Collection;Ljava/lang/Throwable;)V" line-rate="1.0" branch-rate="1.0">
							<lines>
								<line number="44" hits="90" branch="false"/>
								<line number="51" hits="14" branch="false"/>
								<line number="53" hits="14" branch="false"/>
								<line number="54" hits="14" branch="false"/>
							</lines>
						</method>
						<method name="illegalOptionCluster" signature="(Ljava/lang/String;)Ljoptsimple/OptionException;" line-rate="1.0" branch-rate="1.0">
							<lines>
								<line number="88" hits="2" branch="false"/>
							</lines>
						</method>
						<method name="multipleOptionMessage" signature="()Ljava/lang/String;" line-rate="1.0" branch-rate="1.0">
							<lines>
								<line number="74" hits="24" branch="false"/>
								<line number="76" hits="24" branch="true" condition-coverage="100% (2/2)">
									<conditions>
										<condition number="0" type="jump" coverage="100%"/>
									</conditions>
								</line>
								<line number="77" hits="48" branch="false"/>
								<line number="78" hits="48" branch="true" condition-coverage="100% (2/2)">
									<conditions>
										<condition number="0" type="jump" coverage="100%"/>
									</conditions>
								</line>
								<line number="79" hits="24" branch="false"/>
								<line number="82" hits="24" branch="false"/>
								<line number="84" hits="24" branch="false"/>
							</lines>
						</method>
						<method name="options" signature="()Ljava/util/Collection;" line-rate="1.0" branch-rate="1.0">
							<lines>
								<line number="62" hits="48" branch="false"/>
							</lines>
						</method>
						<method name="singleOptionMessage" signature="()Ljava/lang/String;" line-rate="1.0" branch-rate="1.0">
							<lines>
								<line number="66" hits="20" branch="false"/>
							</lines>
						</method>
						<method name="singleOptionMessage" signature="(Ljava/lang/String;)Ljava/lang/String;" line-rate="1.0" branch-rate="1.0">
							<lines>
								<line number="70" hits="68" branch="false"/>
							</lines>
						</method>
						<method name="unrecognizedOption" signature="(Ljava/lang/String;)Ljoptsimple/OptionException;" line-rate="1.0" branch-rate="1.0">
							<lines>
								<line number="92" hits="20" branch="false"/>
							</lines>
						</method>
					</methods>
					<lines>
						<line number="44" hits="90" branch="false"/>
						<line number="46" hits="76" branch="false"/>
						<line number="47" hits="76" branch="false"/>
						<line number="48" hits="76" branch="false"/>
						<line number="51" hits="14" branch="false"/>
						<line number="53" hits="14" branch="false"/>
						<line number="54" hits="14" branch="false"/>
						<line number="62" hits="48" branch="false"/>
						<line number="66" hits="20" branch="false"/>
						<line number="70" hits="68" branch="false"/>
						<line number="74" hits="24" branch="false"/>
						<line number="76" hits="24" branch="true" condition-coverage="100% (2/2)">
							<conditions>
								<condition number="0" type="jump" coverage="100%"/>
							</conditions>
						</line>
						<line number="77" hits="48" branch="false"/>
						<line number="78" hits="48" branch="true" condition-coverage="100% (2/2)">
							<conditions>
								<condition number="0" type="jump" coverage="100%"/>
							</conditions>
						</line>
						<line number="79" hits="24" branch="false"/>
						<line number="82" hits="24" branch="false"/>
						<line number="84" hits="24" branch="false"/>
						<line number="88" hits="2" branch="false"/>
						<line number="92" hits="20" branch="false"/>
					</lines>
				</class>
				<class name="joptsimple.OptionMissingRequiredArgumentException" filename="joptsimple/OptionMissingRequiredArgumentException.java" line-rate="1.0" branch-rate="1.0" complexity="1.0">
					<methods>
						<method name="&lt;init&gt;" signature="(Ljava/util/Collection;)V" line-rate="1.0" branch-rate="1.0">
							<lines>
								<line number="40" hits="12" branch="false"/>
								<line number="41" hits="12" branch="false"/>
							</lines>
						</method>
						<method name="getMessage" signature="()Ljava/lang/String;" line-rate="1.0" branch-rate="1.0">
							<lines>
								<line number="45" hits="6" branch="false"/>
							</lines>
						</method>
					</methods>
					<lines>
						<line number="40" hits="12" branch="false"/>
						<line number="41" hits="12" branch="false"/>
						<line number="45" hits="6" branch="false"/>
					</lines>
				</class>
				<class name="joptsimple.OptionParser" filename="joptsimple/OptionParser.java" line-rate="1.0" branch-rate="0.9736842105263158" complexity="1.8214285714285714">
					<methods>
						<method name="&lt;init&gt;" signature="()V" line-rate="1.0" branch-rate="1.0">
							<lines>
								<line number="203" hits="486" branch="false"/>
								<line number="204" hits="486" branch="false"/>
								<line number="205" hits="486" branch="false"/>
								<line number="206" hits="486" branch="false"/>
							</lines>
						</method>
						<method name="&lt;init&gt;" signature="(Ljava/lang/String;)V" line-rate="1.0" branch-rate="1.0">
							<lines>
								<line number="219" hits="48" branch="false"/>
								<line number="221" hits="48" branch="false"/>
								<line number="222" hits="44" branch="false"/>
							</lines>
						</method>
						<method name="accepts" signature="(Ljava/lang/String;)Ljoptsimple/OptionSpecBuilder;" line-rate="1.0" branch-rate="1.0">
							<lines>
								<line number="244" hits="564" branch="false"/>
							</lines>
						</method>
						<method name="accepts" signature="(Ljava/lang/String;Ljava/lang/String;)Ljoptsimple/OptionSpecBuilder;" line-rate="1.0" branch-rate="1.0">
							<lines>
								<line number="259" hits="26" branch="false"/>
							</lines>
						</method>
						<method name="acceptsAll" signature="(Ljava/util/Collection;)Ljoptsimple/OptionSpecBuilder;" line-rate="1.0" branch-rate="1.0">
							<lines>
								<line number="272" hits="598" branch="false"/>
							</lines>
						</method>
						<method name="acceptsAll" signature="(Ljava/util/Collection;Ljava/lang/String;)Ljoptsimple/OptionSpecBuilder;" line-rate="1.0" branch-rate="1.0">
							<lines>
								<line number="288" hits="698" branch="true" condition-coverage="100% (2/2)">
									<conditions>
										<condition number="0" type="jump" coverage="100%"/>
									</conditions>
								</line>
								<line number="289" hits="2" branch="false"/>
								<line number="291" hits="692" branch="false"/>
								<line number="293" hits="678" branch="false"/>
							</lines>
						</method>
						<method name="defaultValues" signature="()Ljava/util/Map;" line-rate="1.0" branch-rate="1.0">
							<lines>
								<line number="481" hits="368" branch="false"/>
								<line number="482" hits="368" branch="true" condition-coverage="100% (2/2)">
									<conditions>
										<condition number="0" type="jump" coverage="100%"/>
									</conditions>
								</line>
								<line number="483" hits="786" branch="false"/>
								<line number="484" hits="368" branch="false"/>
							</lines>
						</method>
						<method name="ensureRequiredOptions" signature="(Ljoptsimple/OptionSet;)V" line-rate="1.0" branch-rate="1.0">
							<lines>
								<line number="378" hits="336" branch="false"/>
								<line number="379" hits="336" branch="true" condition-coverage="100% (2/2)">
									<conditions>
										<condition number="0" type="jump" coverage="100%"/>
									</conditions>
								</line>
								<line number="380" hits="714" branch="true" condition-coverage="100% (4/4)">
									<conditions>
										<condition number="0" type="jump" coverage="100%"/>
										<condition number="1" type="jump" coverage="100%"/>
									</conditions>
								</line>
								<line number="381" hits="4" branch="false"/>
								<line number="384" hits="336" branch="true" condition-coverage="100% (2/2)">
									<conditions>
										<condition number="0" type="jump" coverage="100%"/>
									</conditions>
								</line>
								<line number="385" hits="4" branch="false"/>
								<line number="386" hits="332" branch="false"/>
							</lines>
						</method>
						<method name="extractShortOptionsFrom" signature="(Ljava/lang/String;)[C" line-rate="1.0" branch-rate="1.0">
							<lines>
								<line number="449" hits="74" branch="false"/>
								<line number="450" hits="74" branch="false"/>
								<line number="452" hits="74" branch="false"/>
							</lines>
						</method>
						<method name="handleLongOptionToken" signature="(Ljava/lang/String;Ljoptsimple/ArgumentList;Ljoptsimple/OptionSet;)V" line-rate="1.0" branch-rate="1.0">
							<lines>
								<line number="389" hits="142" branch="false"/>
								<line number="391" hits="142" branch="true" condition-coverage="100% (2/2)">
									<conditions>
										<condition number="0" type="jump" coverage="100%"/>
									</conditions>
								</line>
								<line number="392" hits="12" branch="false"/>
								<line number="394" hits="130" branch="false"/>
								<line number="395" hits="130" branch="false"/>
								<line number="396" hits="126" branch="false"/>
							</lines>
						</method>
						<method name="handleShortOptionCluster" signature="(Ljava/lang/String;Ljoptsimple/ArgumentList;Ljoptsimple/OptionSet;)V" line-rate="1.0" branch-rate="0.8333333333333334">
							<lines>
								<line number="409" hits="74" branch="false"/>
								<line number="410" hits="74" branch="false"/>
								<line number="412" hits="64" branch="false"/>
								<line number="414" hits="64" branch="true" condition-coverage="75% (3/4)">
									<conditions>
										<condition number="0" type="jump" coverage="100%"/>
										<condition number="1" type="jump" coverage="50%"/>
									</conditions>
								</line>
								<line number="415" hits="58" branch="false"/>
								<line number="416" hits="58" branch="false"/>
								<line number="417" hits="58" branch="false"/>
								<line number="419" hits="24" branch="true" condition-coverage="100% (2/2)">
									<conditions>
										<condition number="0" type="jump" coverage="100%"/>
									</conditions>
								</line>
								<line number="420" hits="18" branch="false"/>
								<line number="422" hits="64" branch="false"/>
							</lines>
						</method>
						<method name="handleShortOptionToken" signature="(Ljava/lang/String;Ljoptsimple/ArgumentList;Ljoptsimple/OptionSet;)V" line-rate="1.0" branch-rate="1.0">
							<lines>
								<line number="399" hits="430" branch="false"/>
								<line number="401" hits="430" branch="true" condition-coverage="100% (2/2)">
									<conditions>
										<condition number="0" type="jump" coverage="100%"/>
									</conditions>
								</line>
								<line number="402" hits="356" branch="false"/>
								<line number="405" hits="74" branch="false"/>
								<line number="406" hits="414" branch="false"/>
							</lines>
						</method>
						<method name="isRecognized" signature="(Ljava/lang/String;)Z" line-rate="1.0" branch-rate="1.0">
							<lines>
								<line number="433" hits="664" branch="false"/>
							</lines>
						</method>
						<method name="looksLikeAnOption" signature="(Ljava/lang/String;)Z" line-rate="1.0" branch-rate="1.0">
							<lines>
								<line number="429" hits="92" branch="true" condition-coverage="100% (4/4)">
									<conditions>
										<condition number="0" type="jump" coverage="100%"/>
										<condition number="1" type="jump" coverage="100%"/>
									</conditions>
								</line>
							</lines>
						</method>
						<method name="noMoreOptions" signature="()V" line-rate="1.0" branch-rate="1.0">
							<lines>
								<line number="425" hits="32" branch="false"/>
								<line number="426" hits="32" branch="false"/>
							</lines>
						</method>
						<method name="parse" signature="([Ljava/lang/String;)Ljoptsimple/OptionSet;" line-rate="1.0" branch-rate="1.0">
							<lines>
								<line number="364" hits="370" branch="false"/>
								<line number="365" hits="368" branch="false"/>
								<line number="367" hits="1132" branch="true" condition-coverage="100% (2/2)">
									<conditions>
										<condition number="0" type="jump" coverage="100%"/>
									</conditions>
								</line>
								<line number="368" hits="796" branch="false"/>
								<line number="370" hits="336" branch="false"/>
								<line number="372" hits="336" branch="false"/>
								<line number="374" hits="332" branch="false"/>
							</lines>
						</method>
						<method name="parseLongOptionWithArgument" signature="(Ljava/lang/String;)Ljoptsimple/util/KeyValuePair;" line-rate="1.0" branch-rate="1.0">
							<lines>
								<line number="473" hits="142" branch="false"/>
							</lines>
						</method>
						<method name="parseShortOptionWithArgument" signature="(Ljava/lang/String;)Ljoptsimple/util/KeyValuePair;" line-rate="1.0" branch-rate="1.0">
							<lines>
								<line number="477" hits="430" branch="false"/>
							</lines>
						</method>
						<method name="posixlyCorrect" signature="()Z" line-rate="1.0" branch-rate="1.0">
							<lines>
								<line number="307" hits="64" branch="false"/>
							</lines>
						</method>
						<method name="posixlyCorrect" signature="(Z)V" line-rate="1.0" branch-rate="1.0">
							<lines>
								<line number="302" hits="20" branch="false"/>
								<line number="303" hits="20" branch="false"/>
								<line number="304" hits="20" branch="false"/>
							</lines>
						</method>
						<method name="printHelpOn" signature="(Ljava/io/OutputStream;)V" line-rate="1.0" branch-rate="1.0">
							<lines>
								<line number="337" hits="4" branch="false"/>
								<line number="338" hits="4" branch="false"/>
							</lines>
						</method>
						<method name="printHelpOn" signature="(Ljava/io/Writer;)V" line-rate="1.0" branch-rate="1.0">
							<lines>
								<line number="351" hits="58" branch="false"/>
								<line number="352" hits="58" branch="false"/>
								<line number="353" hits="58" branch="false"/>
							</lines>
						</method>
						<method name="recognize" signature="(Ljoptsimple/AbstractOptionSpec;)V" line-rate="1.0" branch-rate="1.0">
							<lines>
								<line number="323" hits="1238" branch="false"/>
								<line number="324" hits="1238" branch="false"/>
							</lines>
						</method>
						<method name="recognizeAlternativeLongOptions" signature="(Z)V" line-rate="1.0" branch-rate="1.0">
							<lines>
								<line number="316" hits="28" branch="true" condition-coverage="100% (2/2)">
									<conditions>
										<condition number="0" type="jump" coverage="100%"/>
									</conditions>
								</line>
								<line number="317" hits="26" branch="false"/>
								<line number="319" hits="2" branch="false"/>
								<line number="320" hits="28" branch="false"/>
							</lines>
						</method>
						<method name="reset" signature="()V" line-rate="1.0" branch-rate="1.0">
							<lines>
								<line number="445" hits="336" branch="false"/>
								<line number="446" hits="336" branch="false"/>
							</lines>
						</method>
						<method name="specFor" signature="(C)Ljoptsimple/AbstractOptionSpec;" line-rate="1.0" branch-rate="1.0">
							<lines>
								<line number="437" hits="82" branch="false"/>
							</lines>
						</method>
						<method name="specFor" signature="(Ljava/lang/String;)Ljoptsimple/AbstractOptionSpec;" line-rate="1.0" branch-rate="1.0">
							<lines>
								<line number="441" hits="652" branch="false"/>
							</lines>
						</method>
						<method name="validateOptionCharacters" signature="([C)V" line-rate="1.0" branch-rate="1.0">
							<lines>
								<line number="456" hits="98" branch="true" condition-coverage="100% (2/2)">
									<conditions>
										<condition number="0" type="jump" coverage="100%"/>
									</conditions>
								</line>
								<line number="457" hits="92" branch="false"/>
								<line number="459" hits="92" branch="true" condition-coverage="100% (2/2)">
									<conditions>
										<condition number="0" type="jump" coverage="100%"/>
									</conditions>
								</line>
								<line number="460" hits="8" branch="false"/>
								<line number="462" hits="84" branch="true" condition-coverage="100% (2/2)">
									<conditions>
										<condition number="0" type="jump" coverage="100%"/>
									</conditions>
								</line>
								<line number="463" hits="60" branch="true" condition-coverage="100% (2/2)">
									<conditions>
										<condition number="0" type="jump" coverage="100%"/>
									</conditions>
								</line>
								<line number="464" hits="2" branch="false"/>
								<line number="467" hits="58" branch="false"/>
								<line number="470" hits="6" branch="false"/>
							</lines>
						</method>
					</methods>
					<lines>
						<line number="203" hits="486" branch="false"/>
						<line number="204" hits="486" branch="false"/>
						<line number="205" hits="486" branch="false"/>
						<line number="206" hits="486" branch="false"/>
						<line number="219" hits="48" branch="false"/>
						<line number="221" hits="48" branch="false"/>
						<line number="222" hits="44" branch="false"/>
						<line number="244" hits="564" branch="false"/>
						<line number="259" hits="26" branch="false"/>
						<line number="272" hits="598" branch="false"/>
						<line number="288" hits="698" branch="true" condition-coverage="100% (2/2)">
							<conditions>
								<condition number="0" type="jump" coverage="100%"/>
							</conditions>
						</line>
						<line number="289" hits="2" branch="false"/>
						<line number="291" hits="692" branch="false"/>
						<line number="293" hits="678" branch="false"/>
						<line number="302" hits="20" branch="false"/>
						<line number="303" hits="20" branch="false"/>
						<line number="304" hits="20" branch="false"/>
						<line number="307" hits="64" branch="false"/>
						<line number="316" hits="28" branch="true" condition-coverage="100% (2/2)">
							<conditions>
								<condition number="0" type="jump" coverage="100%"/>
							</conditions>
						</line>
						<line number="317" hits="26" branch="false"/>
						<line number="319" hits="2" branch="false"/>
						<line number="320" hits="28" branch="false"/>
						<line number="323" hits="1238" branch="false"/>
						<line number="324" hits="1238" branch="false"/>
						<line number="337" hits="4" branch="false"/>
						<line number="338" hits="4" branch="false"/>
						<line number="351" hits="58" branch="false"/>
						<line number="352" hits="58" branch="false"/>
						<line number="353" hits="58" branch="false"/>
						<line number="364" hits="370" branch="false"/>
						<line number="365" hits="368" branch="false"/>
						<line number="367" hits="1132" branch="true" condition-coverage="100% (2/2)">
							<conditions>
								<condition number="0" type="jump" coverage="100%"/>
							</conditions>
						</line>
						<line number="368" hits="796" branch="false"/>
						<line number="370" hits="336" branch="false"/>
						<line number="372" hits="336" branch="false"/>
						<line number="374" hits="332" branch="false"/>
						<line number="378" hits="336" branch="false"/>
						<line number="379" hits="336" branch="true" condition-coverage="100% (2/2)">
							<conditions>
								<condition number="0" type="jump" coverage="100%"/>
							</conditions>
						</line>
						<line number="380" hits="714" branch="true" condition-coverage="100% (4/4)">
							<conditions>
								<condition number="0" type="jump" coverage="100%"/>
								<condition number="1" type="jump" coverage="100%"/>
							</conditions>
						</line>
						<line number="381" hits="4" branch="false"/>
						<line number="384" hits="336" branch="true" condition-coverage="100% (2/2)">
							<conditions>
								<condition number="0" type="jump" coverage="100%"/>
							</conditions>
						</line>
						<line number="385" hits="4" branch="false"/>
						<line number="386" hits="332" branch="false"/>
						<line number="389" hits="142" branch="false"/>
						<line number="391" hits="142" branch="true" condition-coverage="100% (2/2)">
							<conditions>
								<condition number="0" type="jump" coverage="100%"/>
							</conditions>
						</line>
						<line number="392" hits="12" branch="false"/>
						<line number="394" hits="130" branch="false"/>
						<line number="395" hits="130" branch="false"/>
						<line number="396" hits="126" branch="false"/>
						<line number="399" hits="430" branch="false"/>
						<line number="401" hits="430" branch="true" condition-coverage="100% (2/2)">
							<conditions>
								<condition number="0" type="jump" coverage="100%"/>
							</conditions>
						</line>
						<line number="402" hits="356" branch="false"/>
						<line number="405" hits="74" branch="false"/>
						<line number="406" hits="414" branch="false"/>
						<line number="409" hits="74" branch="false"/>
						<line number="410" hits="74" branch="false"/>
						<line number="412" hits="64" branch="false"/>
						<line number="414" hits="64" branch="true" condition-coverage="75% (3/4)">
							<conditions>
								<condition number="0" type="jump" coverage="100%"/>
								<condition number="1" type="jump" coverage="50%"/>
							</conditions>
						</line>
						<line number="415" hits="58" branch="false"/>
						<line number="416" hits="58" branch="false"/>
						<line number="417" hits="58" branch="false"/>
						<line number="419" hits="24" branch="true" condition-coverage="100% (2/2)">
							<conditions>
								<condition number="0" type="jump" coverage="100%"/>
							</conditions>
						</line>
						<line number="420" hits="18" branch="false"/>
						<line number="422" hits="64" branch="false"/>
						<line number="425" hits="32" branch="false"/>
						<line number="426" hits="32" branch="false"/>
						<line number="429" hits="92" branch="true" condition-coverage="100% (4/4)">
							<conditions>
								<condition number="0" type="jump" coverage="100%"/>
								<condition number="1" type="jump" coverage="100%"/>
							</conditions>
						</line>
						<line number="433" hits="664" branch="false"/>
						<line number="437" hits="82" branch="false"/>
						<line number="441" hits="652" branch="false"/>
						<line number="445" hits="336" branch="false"/>
						<line number="446" hits="336" branch="false"/>
						<line number="449" hits="74" branch="false"/>
						<line number="450" hits="74" branch="false"/>
						<line number="452" hits="74" branch="false"/>
						<line number="456" hits="98" branch="true" condition-coverage="100% (2/2)">
							<conditions>
								<condition number="0" type="jump" coverage="100%"/>
							</conditions>
						</line>
						<line number="457" hits="92" branch="false"/>
						<line number="459" hits="92" branch="true" condition-coverage="100% (2/2)">
							<conditions>
								<condition number="0" type="jump" coverage="100%"/>
							</conditions>
						</line>
						<line number="460" hits="8" branch="false"/>
						<line number="462" hits="84" branch="true" condition-coverage="100% (2/2)">
							<conditions>
								<condition number="0" type="jump" coverage="100%"/>
							</conditions>
						</line>
						<line number="463" hits="60" branch="true" condition-coverage="100% (2/2)">
							<conditions>
								<condition number="0" type="jump" coverage="100%"/>
							</conditions>
						</line>
						<line number="464" hits="2" branch="false"/>
						<line number="467" hits="58" branch="false"/>
						<line number="470" hits="6" branch="false"/>
						<line number="473" hits="142" branch="false"/>
						<line number="477" hits="430" branch="false"/>
						<line number="481" hits="368" branch="false"/>
						<line number="482" hits="368" branch="true" condition-coverage="100% (2/2)">
							<conditions>
								<condition number="0" type="jump" coverage="100%"/>
							</conditions>
						</line>
						<line number="483" hits="786" branch="false"/>
						<line number="484" hits="368" branch="false"/>
					</lines>
				</class>
				<class name="joptsimple.OptionParserState" filename="joptsimple/OptionParserState.java" line-rate="1.0" branch-rate="1.0" complexity="1.8">
					<methods>
						<method name="&lt;init&gt;" signature="()V" line-rate="1.0" branch-rate="1.0">
							<lines>
								<line number="36" hits="874" branch="false"/>
							</lines>
						</method>
						<method name="moreOptions" signature="(Z)Ljoptsimple/OptionParserState;" line-rate="1.0" branch-rate="1.0">
							<lines>
								<line number="47" hits="842" branch="false"/>
							</lines>
						</method>
						<method name="noMoreOptions" signature="()Ljoptsimple/OptionParserState;" line-rate="1.0" branch-rate="1.0">
							<lines>
								<line number="38" hits="32" branch="false"/>
							</lines>
						</method>
					</methods>
					<lines>
						<line number="36" hits="874" branch="false"/>
						<line number="38" hits="32" branch="false"/>
						<line number="47" hits="842" branch="false"/>
					</lines>
				</class>
				<class name="joptsimple.OptionParserState$1" filename="joptsimple/OptionParserState.java" line-rate="1.0" branch-rate="1.0" complexity="1.8">
					<methods>
						<method name="&lt;init&gt;" signature="()V" line-rate="1.0" branch-rate="1.0">
							<lines>
								<line number="38" hits="32" branch="false"/>
							</lines>
						</method>
						<method name="handleArgument" signature="(Ljoptsimple/OptionParser;Ljoptsimple/ArgumentList;Ljoptsimple/OptionSet;)V" line-rate="1.0" branch-rate="1.0">
							<lines>
								<line number="41" hits="142" branch="false"/>
								<line number="42" hits="142" branch="false"/>
							</lines>
						</method>
					</methods>
					<lines>
						<line number="38" hits="32" branch="false"/>
						<line number="41" hits="142" branch="false"/>
						<line number="42" hits="142" branch="false"/>
					</lines>
				</class>
				<class name="joptsimple.OptionParserState$2" filename="joptsimple/OptionParserState.java" line-rate="1.0" branch-rate="1.0" complexity="1.8">
					<methods>
						<method name="&lt;init&gt;" signature="(Z)V" line-rate="1.0" branch-rate="1.0">
							<lines>
								<line number="47" hits="842" branch="false"/>
							</lines>
						</method>
						<method name="handleArgument" signature="(Ljoptsimple/OptionParser;Ljoptsimple/ArgumentList;Ljoptsimple/OptionSet;)V" line-rate="1.0" branch-rate="1.0">
							<lines>
								<line number="50" hits="654" branch="false"/>
								<line number="51" hits="654" branch="true" condition-coverage="100% (2/2)">
									<conditions>
										<condition number="0" type="jump" coverage="100%"/>
									</conditions>
								</line>
								<line number="52" hits="14" branch="false"/>
								<line number="53" hits="640" branch="true" condition-coverage="100% (2/2)">
									<conditions>
										<condition number="0" type="jump" coverage="100%"/>
									</conditions>
								</line>
								<line number="54" hits="142" branch="false"/>
								<line number="55" hits="498" branch="true" condition-coverage="100% (2/2)">
									<conditions>
										<condition number="0" type="jump" coverage="100%"/>
									</conditions>
								</line>
								<line number="56" hits="430" branch="false"/>
								<line number="58" hits="68" branch="true" condition-coverage="100% (2/2)">
									<conditions>
										<condition number="0" type="jump" coverage="100%"/>
									</conditions>
								</line>
								<line number="59" hits="12" branch="false"/>
								<line number="61" hits="68" branch="false"/>
								<line number="63" hits="622" branch="false"/>
							</lines>
						</method>
					</methods>
					<lines>
						<line number="47" hits="842" branch="false"/>
						<line number="50" hits="654" branch="false"/>
						<line number="51" hits="654" branch="true" condition-coverage="100% (2/2)">
							<conditions>
								<condition number="0" type="jump" coverage="100%"/>
							</conditions>
						</line>
						<line number="52" hits="14" branch="false"/>
						<line number="53" hits="640" branch="true" condition-coverage="100% (2/2)">
							<conditions>
								<condition number="0" type="jump" coverage="100%"/>
							</conditions>
						</line>
						<line number="54" hits="142" branch="false"/>
						<line number="55" hits="498" branch="true" condition-coverage="100% (2/2)">
							<conditions>
								<condition number="0" type="jump" coverage="100%"/>
							</conditions>
						</line>
						<line number="56" hits="430" branch="false"/>
						<line number="58" hits="68" branch="true" condition-coverage="100% (2/2)">
							<conditions>
								<condition number="0" type="jump" coverage="100%"/>
							</conditions>
						</line>
						<line number="59" hits="12" branch="false"/>
						<line number="61" hits="68" branch="false"/>
						<line number="63" hits="622" branch="false"/>
					</lines>
				</class>
				<class name="joptsimple.OptionSet" filename="joptsimple/OptionSet.java" line-rate="1.0" branch-rate="0.9534883720930233" complexity="2.588235294117647">
					<methods>
						<method name="&lt;init&gt;" signature="(Ljava/util/Map;)V" line-rate="1.0" branch-rate="1.0">
							<lines>
								<line number="52" hits="670" branch="false"/>
								<line number="53" hits="670" branch="false"/>
								<line number="54" hits="670" branch="false"/>
								<line number="55" hits="670" branch="false"/>
								<line number="56" hits="670" branch="false"/>
								<line number="57" hits="670" branch="false"/>
							</lines>
						</method>
						<method name="add" signature="(Ljoptsimple/AbstractOptionSpec;)V" line-rate="1.0" branch-rate="1.0">
							<lines>
								<line number="238" hits="198" branch="false"/>
								<line number="239" hits="198" branch="false"/>
							</lines>
						</method>
						<method name="addNonOptionArgument" signature="(Ljava/lang/String;)V" line-rate="1.0" branch-rate="1.0">
							<lines>
								<line number="257" hits="348" branch="false"/>
								<line number="258" hits="348" branch="false"/>
							</lines>
						</method>
						<method name="addWithArgument" signature="(Ljoptsimple/AbstractOptionSpec;Ljava/lang/String;)V" line-rate="1.0" branch-rate="1.0">
							<lines>
								<line number="242" hits="1034" branch="true" condition-coverage="100% (2/2)">
									<conditions>
										<condition number="0" type="jump" coverage="100%"/>
									</conditions>
								</line>
								<line number="243" hits="1114" branch="false"/>
								<line number="245" hits="1034" branch="false"/>
								<line number="247" hits="1034" branch="true" condition-coverage="100% (2/2)">
									<conditions>
										<condition number="0" type="jump" coverage="100%"/>
									</conditions>
								</line>
								<line number="248" hits="714" branch="false"/>
[...]
						</method>
						<method name="valueOfConverter" signature="(Ljava/lang/Class;)Ljoptsimple/ValueConverter;" line-rate="1.0" branch-rate="1.0">
							<lines>
								<line number="70" hits="212" branch="false"/>
								<line number="71" hits="154" branch="true" condition-coverage="100% (2/2)">
									<conditions>
										<condition number="0" type="jump" coverage="100%"/>
									</conditions>
								</line>
								<line number="72" hits="4" branch="false"/>
								<line number="74" hits="150" branch="false"/>
								<line number="76" hits="54" branch="false"/>
								<line number="77" hits="54" branch="false"/>
							</lines>
						</method>
					</methods>
					<lines>
						<line number="42" hits="2" branch="false"/>
						<line number="43" hits="2" branch="false"/>
						<line number="45" hits="2" branch="false"/>
						<line number="47" hits="2" branch="false"/>
						<line number="57" hits="212" branch="false"/>
						<line number="58" hits="208" branch="true" condition-coverage="100% (2/2)">
							<conditions>
								<condition number="0" type="jump" coverage="100%"/>
							</conditions>
						</line>
						<line number="59" hits="150" branch="false"/>
						<line number="61" hits="58" branch="false"/>
						<line number="62" hits="58" branch="true" condition-coverage="100% (2/2)">
							<conditions>
								<condition number="0" type="jump" coverage="100%"/>
							</conditions>
						</line>
						<line number="63" hits="54" branch="false"/>
						<line number="65" hits="4" branch="false"/>
						<line number="70" hits="212" branch="false"/>
						<line number="71" hits="154" branch="true" condition-coverage="100% (2/2)">
							<conditions>
								<condition number="0" type="jump" coverage="100%"/>
							</conditions>
						</line>
						<line number="72" hits="4" branch="false"/>
						<line number="74" hits="150" branch="false"/>
						<line number="76" hits="54" branch="false"/>
						<line number="77" hits="54" branch="false"/>
						<line number="83" hits="58" branch="false"/>
						<line number="86" hits="4" branch="false"/>
						<line number="87" hits="4" branch="false"/>
						<line number="102" hits="88" branch="false"/>
						<line number="104" hits="10" branch="false"/>
						<line number="105" hits="10" branch="false"/>
						<line number="119" hits="292" branch="false"/>
						<line number="121" hits="12" branch="false"/>
						<line number="122" hits="12" branch="false"/>
						<line number="127" hits="154" branch="false"/>
						<line number="128" hits="154" branch="true" condition-coverage="66% (4/6)">
							<conditions>
								<condition number="0" type="jump" coverage="100%"/>
								<condition number="1" type="jump" coverage="50%"/>
								<condition number="2" type="jump" coverage="50%"/>
							</conditions>
						</line>
						<line number="132" hits="22" branch="true" condition-coverage="100% (2/2)">
							<conditions>
								<condition number="0" type="jump" coverage="100%"/>
							</conditions>
						</line>
						<line number="133" hits="4" branch="false"/>
						<line number="134" hits="18" branch="true" condition-coverage="100% (2/2)">
							<conditions>
								<condition number="0" type="jump" coverage="100%"/>
							</conditions>
						</line>
						<line number="135" hits="12" branch="false"/>
						<line number="136" hits="6" branch="true" condition-coverage="50% (1/2)">
							<conditions>
								<condition number="0" type="jump" coverage="50%"/>
							</conditions>
						</line>
						<line number="137" hits="0" branch="false"/>
						<line number="139" hits="6" branch="false"/>
					</lines>
				</class>
				<class name="joptsimple.internal.ReflectionException" filename="joptsimple/internal/ReflectionException.java" line-rate="1.0" branch-rate="1.0" complexity="1.0">
					<methods>
						<method name="&lt;init&gt;" signature="(Ljava/lang/Throwable;)V" line-rate="1.0" branch-rate="1.0">
							<lines>
								<line number="37" hits="22" branch="false"/>
								<line number="38" hits="22" branch="false"/>
							</lines>
						</method>
					</methods>
					<lines>
						<line number="37" hits="22" branch="false"/>
						<line number="38" hits="22" branch="false"/>
					</lines>
				</class>
				<class name="joptsimple.internal.Strings" filename="joptsimple/internal/Strings.java" line-rate="1.0" branch-rate="0.9" complexity="1.6666666666666667">
					<methods>
						<method name="&lt;clinit&gt;" signature="()V" line-rate="1.0" branch-rate="1.0">
							<lines>
								<line number="39" hits="2" branch="false"/>
								<line number="42" hits="2" branch="false"/>
								<line number="43" hits="2" branch="false"/>
							</lines>
						</method>
						<method name="&lt;init&gt;" signature="()V" line-rate="1.0" branch-rate="1.0">
							<lines>
								<line number="45" hits="2" branch="false"/>
								<line number="47" hits="2" branch="false"/>
							</lines>
						</method>
						<method name="isNullOrEmpty" signature="(Ljava/lang/String;)Z" line-rate="1.0" branch-rate="0.75">
							<lines>
								<line number="74" hits="414" branch="true" condition-coverage="75% (3/4)">
									<conditions>
										<condition number="0" type="jump" coverage="50%"/>
										<condition number="1" type="jump" coverage="100%"/>
									</conditions>
								</line>
							</lines>
						</method>
						<method name="join" signature="(Ljava/util/List;Ljava/lang/String;)Ljava/lang/String;" line-rate="1.0" branch-rate="1.0">
							<lines>
								<line number="112" hits="54" branch="false"/>
								<line number="114" hits="54" branch="true" condition-coverage="100% (2/2)">
									<conditions>
										<condition number="0" type="jump" coverage="100%"/>
									</conditions>
								</line>
								<line number="115" hits="308" branch="false"/>
								<line number="117" hits="308" branch="true" condition-coverage="100% (2/2)">
									<conditions>
										<condition number="0" type="jump" coverage="100%"/>
									</conditions>
								</line>
								<line number="118" hits="254" branch="false"/>
								<line number="121" hits="54" branch="false"/>
							</lines>
						</method>
						<method name="join" signature="([Ljava/lang/String;Ljava/lang/String;)Ljava/lang/String;" line-rate="1.0" branch-rate="1.0">
							<lines>
								<line number="100" hits="52" branch="false"/>
							</lines>
						</method>
						<method name="repeat" signature="(CI)Ljava/lang/String;" line-rate="1.0" branch-rate="1.0">
							<lines>
								<line number="58" hits="604" branch="false"/>
								<line number="60" hits="14188" branch="true" condition-coverage="100% (2/2)">
									<conditions>
										<condition number="0" type="jump" coverage="100%"/>
									</conditions>
								</line>
								<line number="61" hits="13584" branch="false"/>
								<line number="63" hits="604" branch="false"/>
							</lines>
						</method>
						<method name="surround" signature="(Ljava/lang/String;CC)Ljava/lang/String;" line-rate="1.0" branch-rate="1.0">
							<lines>
								<line number="88" hits="38" branch="false"/>
							</lines>
						</method>
					</methods>
					<lines>
						<line number="39" hits="2" branch="false"/>
						<line number="42" hits="2" branch="false"/>
						<line number="43" hits="2" branch="false"/>
						<line number="45" hits="2" branch="false"/>
						<line number="47" hits="2" branch="false"/>
						<line number="58" hits="604" branch="false"/>
						<line number="60" hits="14188" branch="true" condition-coverage="100% (2/2)">
							<conditions>
								<condition number="0" type="jump" coverage="100%"/>
							</conditions>
						</line>
						<line number="61" hits="13584" branch="false"/>
						<line number="63" hits="604" branch="false"/>
						<line number="74" hits="414" branch="true" condition-coverage="75% (3/4)">
							<conditions>
								<condition number="0" type="jump" coverage="50%"/>
								<condition number="1" type="jump" coverage="100%"/>
							</conditions>
						</line>
						<line number="88" hits="38" branch="false"/>
						<line number="100" hits="52" branch="false"/>
						<line number="112" hits="54" branch="false"/>
						<line number="114" hits="54" branch="true" condition-coverage="100% (2/2)">
							<conditions>
								<condition number="0" type="jump" coverage="100%"/>
							</conditions>
						</line>
						<line number="115" hits="308" branch="false"/>
						<line number="117" hits="308" branch="true" condition-coverage="100% (2/2)">
							<conditions>
								<condition number="0" type="jump" coverage="100%"/>
							</conditions>
						</line>
						<line number="118" hits="254" branch="false"/>
						<line number="121" hits="54" branch="false"/>
					</lines>
				</class>
			</classes>
		</package>
		<package name="joptsimple.util" line-rate="1.0" branch-rate="1.0" complexity="1.875">
			<classes>
				<class name="joptsimple.util.DateConverter" filename="joptsimple/util/DateConverter.java" line-rate="1.0" branch-rate="1.0" complexity="2.0">
					<methods>
						<method name="&lt;init&gt;" signature="(Ljava/text/DateFormat;)V" line-rate="1.0" branch-rate="1.0">
							<lines>
								<line number="49" hits="26" branch="false"/>
								<line number="50" hits="26" branch="true" condition-coverage="100% (2/2)">
									<conditions>
										<condition number="0" type="jump" coverage="100%"/>
									</conditions>
								</line>
								<line number="51" hits="2" branch="false"/>
								<line number="53" hits="24" branch="false"/>
								<line number="54" hits="24" branch="false"/>
							</lines>
						</method>
						<method name="convert" signature="(Ljava/lang/String;)Ljava/lang/Object;" line-rate="1.0" branch-rate="1.0">
							<lines>
								<line number="40" hits="4" branch="false"/>
							</lines>
						</method>
						<method name="convert" signature="(Ljava/lang/String;)Ljava/util/Date;" line-rate="1.0" branch-rate="1.0">
							<lines>
								<line number="75" hits="14" branch="false"/>
								<line number="77" hits="14" branch="false"/>
								<line number="78" hits="14" branch="true" condition-coverage="100% (2/2)">
									<conditions>
										<condition number="0" type="jump" coverage="100%"/>
									</conditions>
								</line>
								<line number="79" hits="8" branch="false"/>
								<line number="81" hits="6" branch="false"/>
							</lines>
						</method>
						<method name="datePattern" signature="(Ljava/lang/String;)Ljoptsimple/util/DateConverter;" line-rate="1.0" branch-rate="1.0">
							<lines>
								<line number="67" hits="12" branch="false"/>
								<line number="68" hits="10" branch="false"/>
								<line number="70" hits="10" branch="false"/>
							</lines>
						</method>
						<method name="message" signature="(Ljava/lang/String;)Ljava/lang/String;" line-rate="1.0" branch-rate="1.0">
							<lines>
								<line number="97" hits="8" branch="false"/>
								<line number="98" hits="8" branch="true" condition-coverage="100% (2/2)">
									<conditions>
										<condition number="0" type="jump" coverage="100%"/>
									</conditions>
								</line>
								<line number="99" hits="6" branch="false"/>
								<line number="101" hits="8" branch="false"/>
							</lines>
						</method>
						<method name="valuePattern" signature="()Ljava/lang/String;" line-rate="1.0" branch-rate="1.0">
							<lines>
								<line number="91" hits="8" branch="true" condition-coverage="100% (2/2)">
									<conditions>
										<condition number="0" type="jump" coverage="100%"/>
									</conditions>
								</line>
							</lines>
						</method>
						<method name="valueType" signature="()Ljava/lang/Class;" line-rate="1.0" branch-rate="1.0">
							<lines>
								<line number="86" hits="2" branch="false"/>
							</lines>
						</method>
					</methods>
					<lines>
						<line number="40" hits="4" branch="false"/>
						<line number="49" hits="26" branch="false"/>
						<line number="50" hits="26" branch="true" condition-coverage="100% (2/2)">
							<conditions>
								<condition number="0" type="jump" coverage="100%"/>
							</conditions>
						</line>
						<line number="51" hits="2" branch="false"/>
						<line number="53" hits="24" branch="false"/>
						<line number="54" hits="24" branch="false"/>
						<line number="67" hits="12" branch="false"/>
						<line number="68" hits="10" branch="false"/>
						<line number="70" hits="10" branch="false"/>
						<line number="75" hits="14" branch="false"/>
						<line number="77" hits="14" branch="false"/>
						<line number="78" hits="14" branch="true" condition-coverage="100% (2/2)">
							<conditions>
								<condition number="0" type="jump" coverage="100%"/>
							</conditions>
						</line>
						<line number="79" hits="8" branch="false"/>
						<line number="81" hits="6" branch="false"/>
						<line number="86" hits="2" branch="false"/>
						<line number="91" hits="8" branch="true" condition-coverage="100% (2/2)">
							<conditions>
								<condition number="0" type="jump" coverage="100%"/>
							</conditions>
						</line>
						<line number="97" hits="8" branch="false"/>
						<line number="98" hits="8" branch="true" condition-coverage="100% (2/2)">
							<conditions>
								<condition number="0" type="jump" coverage="100%"/>
							</conditions>
						</line>
						<line number="99" hits="6" branch="false"/>
						<line number="101" hits="8" branch="false"/>
					</lines>
				</class>
				<class name="joptsimple.util.KeyValuePair" filename="joptsimple/util/KeyValuePair.java" line-rate="1.0" branch-rate="1.0" complexity="2.2">
					<methods>
						<method name="&lt;init&gt;" signature="(Ljava/lang/String;Ljava/lang/String;)V" line-rate="1.0" branch-rate="1.0">
							<lines>
								<line number="42" hits="722" branch="false"/>
								<line number="43" hits="722" branch="false"/>
								<line number="44" hits="722" branch="false"/>
								<line number="45" hits="722" branch="false"/>
							</lines>
						</method>
						<method name="equals" signature="(Ljava/lang/Object;)Z" line-rate="1.0" branch-rate="1.0">
							<lines>
								<line number="67" hits="2020" branch="true" condition-coverage="100% (2/2)">
									<conditions>
										<condition number="0" type="jump" coverage="100%"/>
									</conditions>
								</line>
								<line number="68" hits="672" branch="false"/>
								<line number="70" hits="1348" branch="false"/>
								<line number="71" hits="1348" branch="true" condition-coverage="100% (4/4)">
									<conditions>
										<condition number="0" type="jump" coverage="100%"/>
										<condition number="1" type="jump" coverage="100%"/>
									</conditions>
								</line>
							</lines>
						</method>
						<method name="hashCode" signature="()I" line-rate="1.0" branch-rate="1.0">
							<lines>
								<line number="76" hits="360" branch="false"/>
							</lines>
						</method>
						<method name="toString" signature="()Ljava/lang/String;" line-rate="1.0" branch-rate="1.0">
							<lines>
								<line number="81" hits="2" branch="false"/>
							</lines>
						</method>
						<method name="valueOf" signature="(Ljava/lang/String;)Ljoptsimple/util/KeyValuePair;" line-rate="1.0" branch-rate="1.0">
							<lines>
								<line number="55" hits="724" branch="false"/>
								<line number="56" hits="722" branch="true" condition-coverage="100% (2/2)">
									<conditions>
										<condition number="0" type="jump" coverage="100%"/>
									</conditions>
								</line>
								<line number="57" hits="526" branch="false"/>
								<line number="59" hits="196" branch="false"/>
								<line number="60" hits="196" branch="true" condition-coverage="100% (2/2)">
									<conditions>
										<condition number="0" type="jump" coverage="100%"/>
									</conditions>
								</line>
								<line number="62" hits="196" branch="false"/>
							</lines>
						</method>
					</methods>
					<lines>
						<line number="42" hits="722" branch="false"/>
						<line number="43" hits="722" branch="false"/>
						<line number="44" hits="722" branch="false"/>
						<line number="45" hits="722" branch="false"/>
						<line number="55" hits="724" branch="false"/>
						<line number="56" hits="722" branch="true" condition-coverage="100% (2/2)">
							<conditions>
								<condition number="0" type="jump" coverage="100%"/>
							</conditions>
						</line>
						<line number="57" hits="526" branch="false"/>
						<line number="59" hits="196" branch="false"/>
						<line number="60" hits="196" branch="true" condition-coverage="100% (2/2)">
							<conditions>
								<condition number="0" type="jump" coverage="100%"/>
							</conditions>
						</line>
						<line number="62" hits="196" branch="false"/>
						<line number="67" hits="2020" branch="true" condition-coverage="100% (2/2)">
							<conditions>
								<condition number="0" type="jump" coverage="100%"/>
							</conditions>
						</line>
						<line number="68" hits="672" branch="false"/>
						<line number="70" hits="1348" branch="false"/>
						<line number="71" hits="1348" branch="true" condition-coverage="100% (4/4)">
							<conditions>
								<condition number="0" type="jump" coverage="100%"/>
								<condition number="1" type="jump" coverage="100%"/>
							</conditions>
						</line>
						<line number="76" hits="360" branch="false"/>
						<line number="81" hits="2" branch="false"/>
					</lines>
				</class>
				<class name="joptsimple.util.RegexMatcher" filename="joptsimple/util/RegexMatcher.java" line-rate="1.0" branch-rate="1.0" complexity="1.4">
					<methods>
						<method name="&lt;init&gt;" signature="(Ljava/lang/String;I)V" line-rate="1.0" branch-rate="1.0">
							<lines>
								<line number="54" hits="18" branch="false"/>
								<line number="55" hits="18" branch="false"/>
								<line number="56" hits="18" branch="false"/>
							</lines>
						</method>
						<method name="convert" signature="(Ljava/lang/String;)Ljava/lang/Object;" line-rate="1.0" branch-rate="1.0">
							<lines>
								<line number="40" hits="4" branch="false"/>
							</lines>
						</method>
						<method name="convert" signature="(Ljava/lang/String;)Ljava/lang/String;" line-rate="1.0" branch-rate="1.0">
							<lines>
								<line number="72" hits="10" branch="true" condition-coverage="100% (2/2)">
									<conditions>
										<condition number="0" type="jump" coverage="100%"/>
									</conditions>
								</line>
								<line number="73" hits="4" branch="false"/>
								<line number="77" hits="6" branch="false"/>
							</lines>
						</method>
						<method name="regex" signature="(Ljava/lang/String;)Ljoptsimple/ValueConverter;" line-rate="1.0" branch-rate="1.0">
							<lines>
								<line number="67" hits="4" branch="false"/>
							</lines>
						</method>
						<method name="valuePattern" signature="()Ljava/lang/String;" line-rate="1.0" branch-rate="1.0">
							<lines>
								<line number="87" hits="2" branch="false"/>
							</lines>
						</method>
						<method name="valueType" signature="()Ljava/lang/Class;" line-rate="1.0" branch-rate="1.0">
							<lines>
								<line number="82" hits="2" branch="false"/>
							</lines>
						</method>
					</methods>
					<lines>
						<line number="40" hits="4" branch="false"/>
						<line number="54" hits="18" branch="false"/>
						<line number="55" hits="18" branch="false"/>
						<line number="56" hits="18" branch="false"/>
						<line number="67" hits="4" branch="false"/>
						<line number="72" hits="10" branch="true" condition-coverage="100% (2/2)">
							<conditions>
								<condition number="0" type="jump" coverage="100%"/>
							</conditions>
						</line>
						<line number="73" hits="4" branch="false"/>
						<line number="77" hits="6" branch="false"/>
						<line number="82" hits="2" branch="false"/>
						<line number="87" hits="2" branch="false"/>
					</lines>
				</class>
			</classes>
		</package>
	</packages>
</coverage>
